{"/home/pfg/Dev/Node/threadclient/src/clients/reddit/html_to_richtext.ts": {"path":"/home/pfg/Dev/Node/threadclient/src/clients/reddit/html_to_richtext.ts","all":false,"statementMap":{"0":{"start":{"line":1,"column":0},"end":{"line":1,"column":52}},"1":{"start":{"line":2,"column":0},"end":{"line":2,"column":39}},"2":{"start":{"line":3,"column":0},"end":{"line":3,"column":0}},"3":{"start":{"line":4,"column":0},"end":{"line":4,"column":46}},"4":{"start":{"line":5,"column":0},"end":{"line":5,"column":30}},"5":{"start":{"line":6,"column":0},"end":{"line":6,"column":54}},"6":{"start":{"line":7,"column":0},"end":{"line":7,"column":0}},"7":{"start":{"line":8,"column":0},"end":{"line":8,"column":31}},"8":{"start":{"line":9,"column":0},"end":{"line":9,"column":0}},"9":{"start":{"line":10,"column":0},"end":{"line":10,"column":116}},"10":{"start":{"line":11,"column":0},"end":{"line":11,"column":55}},"11":{"start":{"line":12,"column":0},"end":{"line":12,"column":23}},"12":{"start":{"line":13,"column":0},"end":{"line":13,"column":42}},"13":{"start":{"line":14,"column":0},"end":{"line":14,"column":55}},"14":{"start":{"line":15,"column":0},"end":{"line":15,"column":9}},"15":{"start":{"line":16,"column":0},"end":{"line":16,"column":31}},"16":{"start":{"line":17,"column":0},"end":{"line":17,"column":5}},"17":{"start":{"line":18,"column":0},"end":{"line":18,"column":56}},"18":{"start":{"line":19,"column":0},"end":{"line":19,"column":42}},"19":{"start":{"line":20,"column":0},"end":{"line":20,"column":68}},"20":{"start":{"line":21,"column":0},"end":{"line":21,"column":46}},"21":{"start":{"line":22,"column":0},"end":{"line":22,"column":85}},"22":{"start":{"line":23,"column":0},"end":{"line":23,"column":13}},"23":{"start":{"line":24,"column":0},"end":{"line":24,"column":21}},"24":{"start":{"line":25,"column":0},"end":{"line":25,"column":9}},"25":{"start":{"line":26,"column":0},"end":{"line":26,"column":74}},"26":{"start":{"line":27,"column":0},"end":{"line":27,"column":23}},"27":{"start":{"line":28,"column":0},"end":{"line":28,"column":21}},"28":{"start":{"line":29,"column":0},"end":{"line":29,"column":41}},"29":{"start":{"line":30,"column":0},"end":{"line":30,"column":14}},"30":{"start":{"line":31,"column":0},"end":{"line":31,"column":81}},"31":{"start":{"line":32,"column":0},"end":{"line":32,"column":9}},"32":{"start":{"line":33,"column":0},"end":{"line":33,"column":5}},"33":{"start":{"line":34,"column":0},"end":{"line":34,"column":13}},"34":{"start":{"line":35,"column":0},"end":{"line":35,"column":21}},"35":{"start":{"line":36,"column":0},"end":{"line":36,"column":1}},"36":{"start":{"line":37,"column":0},"end":{"line":37,"column":118}},"37":{"start":{"line":38,"column":0},"end":{"line":38,"column":77}},"38":{"start":{"line":39,"column":0},"end":{"line":39,"column":34}},"39":{"start":{"line":40,"column":0},"end":{"line":40,"column":111}},"40":{"start":{"line":41,"column":0},"end":{"line":41,"column":22}},"41":{"start":{"line":42,"column":0},"end":{"line":42,"column":9}},"42":{"start":{"line":43,"column":0},"end":{"line":43,"column":37}},"43":{"start":{"line":44,"column":0},"end":{"line":44,"column":22}},"44":{"start":{"line":45,"column":0},"end":{"line":45,"column":9}},"45":{"start":{"line":46,"column":0},"end":{"line":46,"column":41}},"46":{"start":{"line":47,"column":0},"end":{"line":47,"column":40}},"47":{"start":{"line":48,"column":0},"end":{"line":48,"column":89}},"48":{"start":{"line":49,"column":0},"end":{"line":49,"column":13}},"49":{"start":{"line":50,"column":0},"end":{"line":50,"column":89}},"50":{"start":{"line":51,"column":0},"end":{"line":51,"column":9}},"51":{"start":{"line":52,"column":0},"end":{"line":52,"column":70}},"52":{"start":{"line":53,"column":0},"end":{"line":53,"column":7}},"53":{"start":{"line":54,"column":0},"end":{"line":54,"column":1}},"54":{"start":{"line":55,"column":0},"end":{"line":55,"column":115}},"55":{"start":{"line":56,"column":0},"end":{"line":56,"column":30}},"56":{"start":{"line":57,"column":0},"end":{"line":57,"column":25}},"57":{"start":{"line":58,"column":0},"end":{"line":58,"column":5}},"58":{"start":{"line":59,"column":0},"end":{"line":59,"column":33}},"59":{"start":{"line":60,"column":0},"end":{"line":60,"column":25}},"60":{"start":{"line":61,"column":0},"end":{"line":61,"column":5}},"61":{"start":{"line":62,"column":0},"end":{"line":62,"column":37}},"62":{"start":{"line":63,"column":0},"end":{"line":63,"column":65}},"63":{"start":{"line":64,"column":0},"end":{"line":64,"column":24}},"64":{"start":{"line":65,"column":0},"end":{"line":65,"column":11}},"65":{"start":{"line":66,"column":0},"end":{"line":66,"column":59}},"66":{"start":{"line":67,"column":0},"end":{"line":67,"column":59}},"67":{"start":{"line":68,"column":0},"end":{"line":68,"column":66}},"68":{"start":{"line":69,"column":0},"end":{"line":69,"column":24}},"69":{"start":{"line":70,"column":0},"end":{"line":70,"column":10}},"70":{"start":{"line":71,"column":0},"end":{"line":71,"column":101}},"71":{"start":{"line":72,"column":0},"end":{"line":72,"column":45}},"72":{"start":{"line":73,"column":0},"end":{"line":73,"column":112}},"73":{"start":{"line":74,"column":0},"end":{"line":74,"column":14}},"74":{"start":{"line":75,"column":0},"end":{"line":75,"column":25}},"75":{"start":{"line":76,"column":0},"end":{"line":76,"column":10}},"76":{"start":{"line":77,"column":0},"end":{"line":77,"column":0}},"77":{"start":{"line":78,"column":0},"end":{"line":78,"column":35}},"78":{"start":{"line":79,"column":0},"end":{"line":79,"column":94}},"79":{"start":{"line":80,"column":0},"end":{"line":80,"column":42}},"80":{"start":{"line":81,"column":0},"end":{"line":81,"column":98}},"81":{"start":{"line":82,"column":0},"end":{"line":82,"column":42}},"82":{"start":{"line":83,"column":0},"end":{"line":83,"column":98}},"83":{"start":{"line":84,"column":0},"end":{"line":84,"column":42}},"84":{"start":{"line":85,"column":0},"end":{"line":85,"column":98}},"85":{"start":{"line":86,"column":0},"end":{"line":86,"column":42}},"86":{"start":{"line":87,"column":0},"end":{"line":87,"column":98}},"87":{"start":{"line":88,"column":0},"end":{"line":88,"column":42}},"88":{"start":{"line":89,"column":0},"end":{"line":89,"column":98}},"89":{"start":{"line":90,"column":0},"end":{"line":90,"column":42}},"90":{"start":{"line":91,"column":0},"end":{"line":91,"column":98}},"91":{"start":{"line":92,"column":0},"end":{"line":92,"column":42}},"92":{"start":{"line":93,"column":0},"end":{"line":93,"column":38}},"93":{"start":{"line":94,"column":0},"end":{"line":94,"column":42}},"94":{"start":{"line":95,"column":0},"end":{"line":95,"column":97}},"95":{"start":{"line":96,"column":0},"end":{"line":96,"column":42}},"96":{"start":{"line":97,"column":0},"end":{"line":97,"column":97}},"97":{"start":{"line":98,"column":0},"end":{"line":98,"column":50}},"98":{"start":{"line":99,"column":0},"end":{"line":99,"column":110}},"99":{"start":{"line":100,"column":0},"end":{"line":100,"column":102}},"100":{"start":{"line":101,"column":0},"end":{"line":101,"column":45}},"101":{"start":{"line":102,"column":0},"end":{"line":102,"column":43}},"102":{"start":{"line":103,"column":0},"end":{"line":103,"column":43}},"103":{"start":{"line":104,"column":0},"end":{"line":104,"column":94}},"104":{"start":{"line":105,"column":0},"end":{"line":105,"column":73}},"105":{"start":{"line":106,"column":0},"end":{"line":106,"column":13}},"106":{"start":{"line":107,"column":0},"end":{"line":107,"column":14}},"107":{"start":{"line":108,"column":0},"end":{"line":108,"column":0}},"108":{"start":{"line":109,"column":0},"end":{"line":109,"column":45}},"109":{"start":{"line":110,"column":0},"end":{"line":110,"column":74}},"110":{"start":{"line":111,"column":0},"end":{"line":111,"column":13}},"111":{"start":{"line":112,"column":0},"end":{"line":112,"column":46}},"112":{"start":{"line":113,"column":0},"end":{"line":113,"column":108}},"113":{"start":{"line":114,"column":0},"end":{"line":114,"column":0}},"114":{"start":{"line":115,"column":0},"end":{"line":115,"column":38}},"115":{"start":{"line":116,"column":0},"end":{"line":116,"column":58}},"116":{"start":{"line":117,"column":0},"end":{"line":117,"column":99}},"117":{"start":{"line":118,"column":0},"end":{"line":118,"column":33}},"118":{"start":{"line":119,"column":0},"end":{"line":119,"column":26}},"119":{"start":{"line":120,"column":0},"end":{"line":120,"column":41}},"120":{"start":{"line":121,"column":0},"end":{"line":121,"column":45}},"121":{"start":{"line":122,"column":0},"end":{"line":122,"column":43}},"122":{"start":{"line":123,"column":0},"end":{"line":123,"column":44}},"123":{"start":{"line":124,"column":0},"end":{"line":124,"column":84}},"124":{"start":{"line":125,"column":0},"end":{"line":125,"column":83}},"125":{"start":{"line":126,"column":0},"end":{"line":126,"column":22}},"126":{"start":{"line":127,"column":0},"end":{"line":127,"column":19}},"127":{"start":{"line":128,"column":0},"end":{"line":128,"column":60}},"128":{"start":{"line":129,"column":0},"end":{"line":129,"column":90}},"129":{"start":{"line":130,"column":0},"end":{"line":130,"column":68}},"130":{"start":{"line":131,"column":0},"end":{"line":131,"column":92}},"131":{"start":{"line":132,"column":0},"end":{"line":132,"column":97}},"132":{"start":{"line":133,"column":0},"end":{"line":133,"column":23}},"133":{"start":{"line":134,"column":0},"end":{"line":134,"column":19}},"134":{"start":{"line":135,"column":0},"end":{"line":135,"column":15}},"135":{"start":{"line":136,"column":0},"end":{"line":136,"column":43}},"136":{"start":{"line":137,"column":0},"end":{"line":137,"column":61}},"137":{"start":{"line":138,"column":0},"end":{"line":138,"column":87}},"138":{"start":{"line":139,"column":0},"end":{"line":139,"column":74}},"139":{"start":{"line":140,"column":0},"end":{"line":140,"column":13}},"140":{"start":{"line":141,"column":0},"end":{"line":141,"column":47}},"141":{"start":{"line":142,"column":0},"end":{"line":142,"column":57}},"142":{"start":{"line":143,"column":0},"end":{"line":143,"column":41}},"143":{"start":{"line":144,"column":0},"end":{"line":144,"column":45}},"144":{"start":{"line":145,"column":0},"end":{"line":145,"column":65}},"145":{"start":{"line":146,"column":0},"end":{"line":146,"column":53}},"146":{"start":{"line":147,"column":0},"end":{"line":147,"column":13}},"147":{"start":{"line":148,"column":0},"end":{"line":148,"column":97}},"148":{"start":{"line":149,"column":0},"end":{"line":149,"column":43}},"149":{"start":{"line":150,"column":0},"end":{"line":150,"column":36}},"150":{"start":{"line":151,"column":0},"end":{"line":151,"column":94}},"151":{"start":{"line":152,"column":0},"end":{"line":152,"column":16}},"152":{"start":{"line":153,"column":0},"end":{"line":153,"column":73}},"153":{"start":{"line":154,"column":0},"end":{"line":154,"column":74}},"154":{"start":{"line":155,"column":0},"end":{"line":155,"column":9}},"155":{"start":{"line":156,"column":0},"end":{"line":156,"column":25}},"156":{"start":{"line":157,"column":0},"end":{"line":157,"column":5}},"157":{"start":{"line":158,"column":0},"end":{"line":158,"column":21}},"158":{"start":{"line":159,"column":0},"end":{"line":159,"column":1}},"159":{"start":{"line":160,"column":0},"end":{"line":160,"column":37}},"160":{"start":{"line":161,"column":0},"end":{"line":161,"column":18}},"161":{"start":{"line":162,"column":0},"end":{"line":162,"column":32}},"162":{"start":{"line":163,"column":0},"end":{"line":163,"column":35}},"163":{"start":{"line":164,"column":0},"end":{"line":164,"column":28}},"164":{"start":{"line":165,"column":0},"end":{"line":165,"column":93}},"165":{"start":{"line":166,"column":0},"end":{"line":166,"column":1}},"166":{"start":{"line":167,"column":0},"end":{"line":167,"column":120}},"167":{"start":{"line":168,"column":0},"end":{"line":168,"column":30}},"168":{"start":{"line":169,"column":0},"end":{"line":169,"column":52}},"169":{"start":{"line":170,"column":0},"end":{"line":170,"column":37}},"170":{"start":{"line":171,"column":0},"end":{"line":171,"column":37}},"171":{"start":{"line":172,"column":0},"end":{"line":172,"column":36}},"172":{"start":{"line":173,"column":0},"end":{"line":173,"column":5}},"173":{"start":{"line":174,"column":0},"end":{"line":174,"column":33}},"174":{"start":{"line":175,"column":0},"end":{"line":175,"column":18}},"175":{"start":{"line":176,"column":0},"end":{"line":176,"column":5}},"176":{"start":{"line":177,"column":0},"end":{"line":177,"column":37}},"177":{"start":{"line":178,"column":0},"end":{"line":178,"column":65}},"178":{"start":{"line":179,"column":0},"end":{"line":179,"column":24}},"179":{"start":{"line":180,"column":0},"end":{"line":180,"column":11}},"180":{"start":{"line":181,"column":0},"end":{"line":181,"column":59}},"181":{"start":{"line":182,"column":0},"end":{"line":182,"column":59}},"182":{"start":{"line":183,"column":0},"end":{"line":183,"column":66}},"183":{"start":{"line":184,"column":0},"end":{"line":184,"column":24}},"184":{"start":{"line":185,"column":0},"end":{"line":185,"column":10}},"185":{"start":{"line":186,"column":0},"end":{"line":186,"column":91}},"186":{"start":{"line":187,"column":0},"end":{"line":187,"column":111}},"187":{"start":{"line":188,"column":0},"end":{"line":188,"column":25}},"188":{"start":{"line":189,"column":0},"end":{"line":189,"column":10}},"189":{"start":{"line":190,"column":0},"end":{"line":190,"column":0}},"190":{"start":{"line":191,"column":0},"end":{"line":191,"column":35}},"191":{"start":{"line":192,"column":0},"end":{"line":192,"column":64}},"192":{"start":{"line":193,"column":0},"end":{"line":193,"column":0}},"193":{"start":{"line":194,"column":0},"end":{"line":194,"column":40}},"194":{"start":{"line":195,"column":0},"end":{"line":195,"column":59}},"195":{"start":{"line":196,"column":0},"end":{"line":196,"column":13}},"196":{"start":{"line":197,"column":0},"end":{"line":197,"column":117}},"197":{"start":{"line":198,"column":0},"end":{"line":198,"column":66}},"198":{"start":{"line":199,"column":0},"end":{"line":199,"column":16}},"199":{"start":{"line":200,"column":0},"end":{"line":200,"column":0}},"200":{"start":{"line":201,"column":0},"end":{"line":201,"column":48}},"201":{"start":{"line":202,"column":0},"end":{"line":202,"column":112}},"202":{"start":{"line":203,"column":0},"end":{"line":203,"column":15}},"203":{"start":{"line":204,"column":0},"end":{"line":204,"column":42}},"204":{"start":{"line":205,"column":0},"end":{"line":205,"column":38}},"205":{"start":{"line":206,"column":0},"end":{"line":206,"column":43}},"206":{"start":{"line":207,"column":0},"end":{"line":207,"column":116}},"207":{"start":{"line":208,"column":0},"end":{"line":208,"column":46}},"208":{"start":{"line":209,"column":0},"end":{"line":209,"column":111}},"209":{"start":{"line":210,"column":0},"end":{"line":210,"column":42}},"210":{"start":{"line":211,"column":0},"end":{"line":211,"column":113}},"211":{"start":{"line":212,"column":0},"end":{"line":212,"column":43}},"212":{"start":{"line":213,"column":0},"end":{"line":213,"column":118}},"213":{"start":{"line":214,"column":0},"end":{"line":214,"column":44}},"214":{"start":{"line":215,"column":0},"end":{"line":215,"column":71}},"215":{"start":{"line":216,"column":0},"end":{"line":216,"column":44}},"216":{"start":{"line":217,"column":0},"end":{"line":217,"column":76}},"217":{"start":{"line":218,"column":0},"end":{"line":218,"column":62}},"218":{"start":{"line":219,"column":0},"end":{"line":219,"column":15}},"219":{"start":{"line":220,"column":0},"end":{"line":220,"column":0}},"220":{"start":{"line":221,"column":0},"end":{"line":221,"column":45}},"221":{"start":{"line":222,"column":0},"end":{"line":222,"column":59}},"222":{"start":{"line":223,"column":0},"end":{"line":223,"column":13}},"223":{"start":{"line":224,"column":0},"end":{"line":224,"column":0}},"224":{"start":{"line":225,"column":0},"end":{"line":225,"column":43}},"225":{"start":{"line":226,"column":0},"end":{"line":226,"column":9}},"226":{"start":{"line":227,"column":0},"end":{"line":227,"column":79}},"227":{"start":{"line":228,"column":0},"end":{"line":228,"column":5}},"228":{"start":{"line":229,"column":0},"end":{"line":229,"column":48}},"229":{"start":{"line":230,"column":0},"end":{"line":230,"column":1}},"230":{"start":{"line":231,"column":0},"end":{"line":231,"column":0}},"231":{"start":{"line":232,"column":0},"end":{"line":232,"column":74}},"232":{"start":{"line":233,"column":0},"end":{"line":233,"column":51}},"233":{"start":{"line":234,"column":0},"end":{"line":234,"column":115}},"234":{"start":{"line":235,"column":0},"end":{"line":235,"column":33}},"235":{"start":{"line":236,"column":0},"end":{"line":236,"column":43}},"236":{"start":{"line":237,"column":0},"end":{"line":237,"column":1}},"237":{"start":{"line":238,"column":0},"end":{"line":238,"column":0}},"238":{"start":{"line":239,"column":0},"end":{"line":239,"column":78}},"239":{"start":{"line":240,"column":0},"end":{"line":240,"column":65}},"240":{"start":{"line":241,"column":0},"end":{"line":241,"column":1}}},"s":{"0":1,"1":1,"2":1,"3":1,"4":1,"5":1,"6":1,"7":1,"8":1,"9":74,"10":74,"11":74,"12":128,"13":41,"14":41,"15":128,"16":128,"17":74,"18":74,"19":169,"20":56,"21":6,"22":6,"23":56,"24":56,"25":113,"26":169,"27":54,"28":54,"29":169,"30":59,"31":59,"32":169,"33":74,"34":74,"35":74,"36":11,"37":11,"38":85,"39":42,"40":42,"41":42,"42":85,"43":0,"44":0,"45":43,"46":43,"47":43,"48":43,"49":0,"50":0,"51":0,"52":0,"53":11,"54":113,"55":113,"56":13,"57":13,"58":113,"59":2,"60":2,"61":98,"62":98,"63":4,"64":4,"65":98,"66":2,"67":1,"68":1,"69":1,"70":98,"71":52,"72":52,"73":52,"74":52,"75":52,"76":98,"77":98,"78":25,"79":98,"80":1,"81":73,"82":4,"83":72,"84":0,"85":68,"86":0,"87":68,"88":0,"89":68,"90":3,"91":68,"92":1,"93":65,"94":10,"95":64,"96":1,"97":54,"98":2,"99":2,"100":53,"101":2,"102":2,"103":2,"104":0,"105":0,"106":2,"107":2,"108":2,"109":0,"110":0,"111":2,"112":2,"113":2,"114":2,"115":2,"116":8,"117":8,"118":8,"119":8,"120":8,"121":8,"122":8,"123":8,"124":5,"125":5,"126":5,"127":2,"128":2,"129":2,"130":5,"131":5,"132":5,"133":2,"134":2,"135":51,"136":3,"137":3,"138":0,"139":0,"140":3,"141":3,"142":3,"143":3,"144":3,"145":2,"146":2,"147":3,"148":49,"149":2,"150":2,"151":2,"152":2,"153":2,"154":2,"155":44,"156":44,"157":0,"158":0,"159":66,"160":66,"161":66,"162":66,"163":66,"164":66,"165":66,"166":219,"167":219,"168":134,"169":0,"170":0,"171":0,"172":0,"173":219,"174":2,"175":2,"176":83,"177":83,"178":1,"179":1,"180":83,"181":1,"182":1,"183":1,"184":1,"185":83,"186":83,"187":83,"188":83,"189":83,"190":83,"191":58,"192":0,"193":58,"194":35,"195":35,"196":58,"197":58,"198":58,"199":58,"200":58,"201":58,"202":58,"203":83,"204":4,"205":25,"206":2,"207":21,"208":6,"209":19,"210":6,"211":13,"212":6,"213":7,"214":0,"215":1,"216":1,"217":1,"218":1,"219":1,"220":1,"221":1,"222":1,"223":0,"224":0,"225":0,"226":0,"227":0,"228":0,"229":0,"230":1,"231":27,"232":27,"233":27,"234":27,"235":27,"236":27,"237":1,"238":1,"239":27,"240":27},"branchMap":{"0":{"type":"branch","line":10,"loc":{"start":{"line":10,"column":0},"end":{"line":36,"column":1}},"locations":[{"start":{"line":10,"column":0},"end":{"line":36,"column":1}}]},"1":{"type":"branch","line":19,"loc":{"start":{"line":19,"column":41},"end":{"line":33,"column":5}},"locations":[{"start":{"line":19,"column":41},"end":{"line":33,"column":5}}]},"2":{"type":"branch","line":20,"loc":{"start":{"line":20,"column":11},"end":{"line":20,"column":37}},"locations":[{"start":{"line":20,"column":11},"end":{"line":20,"column":37}}]},"3":{"type":"branch","line":20,"loc":{"start":{"line":20,"column":37},"end":{"line":20,"column":7}},"locations":[{"start":{"line":20,"column":37},"end":{"line":20,"column":7}}]},"4":{"type":"branch","line":20,"loc":{"start":{"line":20,"column":67},"end":{"line":25,"column":9}},"locations":[{"start":{"line":20,"column":67},"end":{"line":25,"column":9}}]},"5":{"type":"branch","line":21,"loc":{"start":{"line":21,"column":45},"end":{"line":23,"column":13}},"locations":[{"start":{"line":21,"column":45},"end":{"line":23,"column":13}}]},"6":{"type":"branch","line":26,"loc":{"start":{"line":26,"column":-1},"end":{"line":27,"column":11}},"locations":[{"start":{"line":26,"column":-1},"end":{"line":27,"column":11}}]},"7":{"type":"branch","line":27,"loc":{"start":{"line":27,"column":22},"end":{"line":30,"column":13}},"locations":[{"start":{"line":27,"column":22},"end":{"line":30,"column":13}}]},"8":{"type":"branch","line":30,"loc":{"start":{"line":30,"column":9},"end":{"line":32,"column":9}},"locations":[{"start":{"line":30,"column":9},"end":{"line":32,"column":9}}]},"9":{"type":"branch","line":12,"loc":{"start":{"line":12,"column":4},"end":{"line":17,"column":5}},"locations":[{"start":{"line":12,"column":4},"end":{"line":17,"column":5}}]},"10":{"type":"branch","line":13,"loc":{"start":{"line":13,"column":41},"end":{"line":15,"column":9}},"locations":[{"start":{"line":13,"column":41},"end":{"line":15,"column":9}}]},"11":{"type":"branch","line":37,"loc":{"start":{"line":37,"column":0},"end":{"line":54,"column":1}},"locations":[{"start":{"line":37,"column":0},"end":{"line":54,"column":1}}]},"12":{"type":"branch","line":38,"loc":{"start":{"line":38,"column":38},"end":{"line":53,"column":7}},"locations":[{"start":{"line":38,"column":38},"end":{"line":53,"column":7}}]},"13":{"type":"branch","line":39,"loc":{"start":{"line":39,"column":33},"end":{"line":42,"column":9}},"locations":[{"start":{"line":39,"column":33},"end":{"line":42,"column":9}}]},"14":{"type":"branch","line":40,"loc":{"start":{"line":40,"column":16},"end":{"line":40,"column":53}},"locations":[{"start":{"line":40,"column":16},"end":{"line":40,"column":53}}]},"15":{"type":"branch","line":43,"loc":{"start":{"line":43,"column":-1},"end":{"line":43,"column":11}},"locations":[{"start":{"line":43,"column":-1},"end":{"line":43,"column":11}}]},"16":{"type":"branch","line":43,"loc":{"start":{"line":43,"column":36},"end":{"line":45,"column":9}},"locations":[{"start":{"line":43,"column":36},"end":{"line":45,"column":9}}]},"17":{"type":"branch","line":46,"loc":{"start":{"line":46,"column":-1},"end":{"line":51,"column":9}},"locations":[{"start":{"line":46,"column":-1},"end":{"line":51,"column":9}}]},"18":{"type":"branch","line":50,"loc":{"start":{"line":50,"column":-1},"end":{"line":51,"column":9}},"locations":[{"start":{"line":50,"column":-1},"end":{"line":51,"column":9}}]},"19":{"type":"branch","line":52,"loc":{"start":{"line":52,"column":-1},"end":{"line":53,"column":7}},"locations":[{"start":{"line":52,"column":-1},"end":{"line":53,"column":7}}]},"20":{"type":"branch","line":55,"loc":{"start":{"line":55,"column":0},"end":{"line":159,"column":1}},"locations":[{"start":{"line":55,"column":0},"end":{"line":159,"column":1}}]},"21":{"type":"branch","line":56,"loc":{"start":{"line":56,"column":29},"end":{"line":58,"column":5}},"locations":[{"start":{"line":56,"column":29},"end":{"line":58,"column":5}}]},"22":{"type":"branch","line":59,"loc":{"start":{"line":59,"column":-1},"end":{"line":59,"column":7}},"locations":[{"start":{"line":59,"column":-1},"end":{"line":59,"column":7}}]},"23":{"type":"branch","line":59,"loc":{"start":{"line":59,"column":32},"end":{"line":61,"column":5}},"locations":[{"start":{"line":59,"column":32},"end":{"line":61,"column":5}}]},"24":{"type":"branch","line":62,"loc":{"start":{"line":62,"column":-1},"end":{"line":157,"column":5}},"locations":[{"start":{"line":62,"column":-1},"end":{"line":157,"column":5}}]},"25":{"type":"branch","line":78,"loc":{"start":{"line":78,"column":34},"end":{"line":80,"column":14}},"locations":[{"start":{"line":78,"column":34},"end":{"line":80,"column":14}}]},"26":{"type":"branch","line":80,"loc":{"start":{"line":80,"column":9},"end":{"line":155,"column":9}},"locations":[{"start":{"line":80,"column":9},"end":{"line":155,"column":9}}]},"27":{"type":"branch","line":80,"loc":{"start":{"line":80,"column":41},"end":{"line":82,"column":14}},"locations":[{"start":{"line":80,"column":41},"end":{"line":82,"column":14}}]},"28":{"type":"branch","line":82,"loc":{"start":{"line":82,"column":9},"end":{"line":155,"column":9}},"locations":[{"start":{"line":82,"column":9},"end":{"line":155,"column":9}}]},"29":{"type":"branch","line":82,"loc":{"start":{"line":82,"column":41},"end":{"line":84,"column":14}},"locations":[{"start":{"line":82,"column":41},"end":{"line":84,"column":14}}]},"30":{"type":"branch","line":84,"loc":{"start":{"line":84,"column":9},"end":{"line":155,"column":9}},"locations":[{"start":{"line":84,"column":9},"end":{"line":155,"column":9}}]},"31":{"type":"branch","line":84,"loc":{"start":{"line":84,"column":41},"end":{"line":86,"column":14}},"locations":[{"start":{"line":84,"column":41},"end":{"line":86,"column":14}}]},"32":{"type":"branch","line":86,"loc":{"start":{"line":86,"column":41},"end":{"line":88,"column":14}},"locations":[{"start":{"line":86,"column":41},"end":{"line":88,"column":14}}]},"33":{"type":"branch","line":88,"loc":{"start":{"line":88,"column":41},"end":{"line":90,"column":14}},"locations":[{"start":{"line":88,"column":41},"end":{"line":90,"column":14}}]},"34":{"type":"branch","line":90,"loc":{"start":{"line":90,"column":41},"end":{"line":92,"column":14}},"locations":[{"start":{"line":90,"column":41},"end":{"line":92,"column":14}}]},"35":{"type":"branch","line":92,"loc":{"start":{"line":92,"column":9},"end":{"line":155,"column":9}},"locations":[{"start":{"line":92,"column":9},"end":{"line":155,"column":9}}]},"36":{"type":"branch","line":92,"loc":{"start":{"line":92,"column":41},"end":{"line":94,"column":14}},"locations":[{"start":{"line":92,"column":41},"end":{"line":94,"column":14}}]},"37":{"type":"branch","line":94,"loc":{"start":{"line":94,"column":9},"end":{"line":155,"column":9}},"locations":[{"start":{"line":94,"column":9},"end":{"line":155,"column":9}}]},"38":{"type":"branch","line":94,"loc":{"start":{"line":94,"column":41},"end":{"line":96,"column":14}},"locations":[{"start":{"line":94,"column":41},"end":{"line":96,"column":14}}]},"39":{"type":"branch","line":96,"loc":{"start":{"line":96,"column":9},"end":{"line":155,"column":9}},"locations":[{"start":{"line":96,"column":9},"end":{"line":155,"column":9}}]},"40":{"type":"branch","line":96,"loc":{"start":{"line":96,"column":41},"end":{"line":98,"column":14}},"locations":[{"start":{"line":96,"column":41},"end":{"line":98,"column":14}}]},"41":{"type":"branch","line":98,"loc":{"start":{"line":98,"column":9},"end":{"line":155,"column":9}},"locations":[{"start":{"line":98,"column":9},"end":{"line":155,"column":9}}]},"42":{"type":"branch","line":98,"loc":{"start":{"line":98,"column":49},"end":{"line":101,"column":14}},"locations":[{"start":{"line":98,"column":49},"end":{"line":101,"column":14}}]},"43":{"type":"branch","line":101,"loc":{"start":{"line":101,"column":9},"end":{"line":155,"column":9}},"locations":[{"start":{"line":101,"column":9},"end":{"line":155,"column":9}}]},"44":{"type":"branch","line":101,"loc":{"start":{"line":101,"column":44},"end":{"line":136,"column":14}},"locations":[{"start":{"line":101,"column":44},"end":{"line":136,"column":14}}]},"45":{"type":"branch","line":104,"loc":{"start":{"line":104,"column":93},"end":{"line":106,"column":13}},"locations":[{"start":{"line":104,"column":93},"end":{"line":106,"column":13}}]},"46":{"type":"branch","line":109,"loc":{"start":{"line":109,"column":44},"end":{"line":111,"column":13}},"locations":[{"start":{"line":109,"column":44},"end":{"line":111,"column":13}}]},"47":{"type":"branch","line":113,"loc":{"start":{"line":113,"column":41},"end":{"line":113,"column":48}},"locations":[{"start":{"line":113,"column":41},"end":{"line":113,"column":48}}]},"48":{"type":"branch","line":136,"loc":{"start":{"line":136,"column":9},"end":{"line":155,"column":9}},"locations":[{"start":{"line":136,"column":9},"end":{"line":155,"column":9}}]},"49":{"type":"branch","line":136,"loc":{"start":{"line":136,"column":42},"end":{"line":149,"column":14}},"locations":[{"start":{"line":136,"column":42},"end":{"line":149,"column":14}}]},"50":{"type":"branch","line":138,"loc":{"start":{"line":138,"column":86},"end":{"line":140,"column":13}},"locations":[{"start":{"line":138,"column":86},"end":{"line":140,"column":13}}]},"51":{"type":"branch","line":145,"loc":{"start":{"line":145,"column":15},"end":{"line":145,"column":42}},"locations":[{"start":{"line":145,"column":15},"end":{"line":145,"column":42}}]},"52":{"type":"branch","line":145,"loc":{"start":{"line":145,"column":64},"end":{"line":147,"column":13}},"locations":[{"start":{"line":145,"column":64},"end":{"line":147,"column":13}}]},"53":{"type":"branch","line":148,"loc":{"start":{"line":148,"column":62},"end":{"line":149,"column":14}},"locations":[{"start":{"line":148,"column":62},"end":{"line":149,"column":14}}]},"54":{"type":"branch","line":149,"loc":{"start":{"line":149,"column":9},"end":{"line":155,"column":9}},"locations":[{"start":{"line":149,"column":9},"end":{"line":155,"column":9}}]},"55":{"type":"branch","line":149,"loc":{"start":{"line":149,"column":42},"end":{"line":155,"column":9}},"locations":[{"start":{"line":149,"column":42},"end":{"line":155,"column":9}}]},"56":{"type":"branch","line":156,"loc":{"start":{"line":156,"column":-1},"end":{"line":157,"column":5}},"locations":[{"start":{"line":156,"column":-1},"end":{"line":157,"column":5}}]},"57":{"type":"branch","line":158,"loc":{"start":{"line":158,"column":-1},"end":{"line":159,"column":1}},"locations":[{"start":{"line":158,"column":-1},"end":{"line":159,"column":1}}]},"58":{"type":"branch","line":63,"loc":{"start":{"line":63,"column":56},"end":{"line":65,"column":11}},"locations":[{"start":{"line":63,"column":56},"end":{"line":65,"column":11}}]},"59":{"type":"branch","line":66,"loc":{"start":{"line":66,"column":26},"end":{"line":70,"column":10}},"locations":[{"start":{"line":66,"column":26},"end":{"line":70,"column":10}}]},"60":{"type":"branch","line":67,"loc":{"start":{"line":67,"column":46},"end":{"line":70,"column":10}},"locations":[{"start":{"line":67,"column":46},"end":{"line":70,"column":10}}]},"61":{"type":"branch","line":68,"loc":{"start":{"line":68,"column":37},"end":{"line":68,"column":66}},"locations":[{"start":{"line":68,"column":37},"end":{"line":68,"column":66}}]},"62":{"type":"branch","line":71,"loc":{"start":{"line":71,"column":26},"end":{"line":76,"column":10}},"locations":[{"start":{"line":71,"column":26},"end":{"line":76,"column":10}}]},"63":{"type":"branch","line":72,"loc":{"start":{"line":72,"column":37},"end":{"line":72,"column":44}},"locations":[{"start":{"line":72,"column":37},"end":{"line":72,"column":44}}]},"64":{"type":"branch","line":116,"loc":{"start":{"line":116,"column":48},"end":{"line":127,"column":19}},"locations":[{"start":{"line":116,"column":48},"end":{"line":127,"column":19}}]},"65":{"type":"branch","line":117,"loc":{"start":{"line":117,"column":48},"end":{"line":117,"column":55}},"locations":[{"start":{"line":117,"column":48},"end":{"line":117,"column":55}}]},"66":{"type":"branch","line":124,"loc":{"start":{"line":124,"column":36},"end":{"line":127,"column":19}},"locations":[{"start":{"line":124,"column":36},"end":{"line":127,"column":19}}]},"67":{"type":"branch","line":128,"loc":{"start":{"line":128,"column":50},"end":{"line":134,"column":19}},"locations":[{"start":{"line":128,"column":50},"end":{"line":134,"column":19}}]},"68":{"type":"branch","line":129,"loc":{"start":{"line":129,"column":48},"end":{"line":129,"column":55}},"locations":[{"start":{"line":129,"column":48},"end":{"line":129,"column":55}}]},"69":{"type":"branch","line":130,"loc":{"start":{"line":130,"column":58},"end":{"line":133,"column":23}},"locations":[{"start":{"line":130,"column":58},"end":{"line":133,"column":23}}]},"70":{"type":"branch","line":131,"loc":{"start":{"line":131,"column":52},"end":{"line":131,"column":59}},"locations":[{"start":{"line":131,"column":52},"end":{"line":131,"column":59}}]},"71":{"type":"branch","line":160,"loc":{"start":{"line":160,"column":0},"end":{"line":166,"column":1}},"locations":[{"start":{"line":160,"column":0},"end":{"line":166,"column":1}}]},"72":{"type":"branch","line":165,"loc":{"start":{"line":165,"column":36},"end":{"line":165,"column":71}},"locations":[{"start":{"line":165,"column":36},"end":{"line":165,"column":71}}]},"73":{"type":"branch","line":167,"loc":{"start":{"line":167,"column":0},"end":{"line":230,"column":1}},"locations":[{"start":{"line":167,"column":0},"end":{"line":230,"column":1}}]},"74":{"type":"branch","line":168,"loc":{"start":{"line":168,"column":29},"end":{"line":173,"column":5}},"locations":[{"start":{"line":168,"column":29},"end":{"line":173,"column":5}}]},"75":{"type":"branch","line":169,"loc":{"start":{"line":169,"column":17},"end":{"line":173,"column":5}},"locations":[{"start":{"line":169,"column":17},"end":{"line":173,"column":5}}]},"76":{"type":"branch","line":174,"loc":{"start":{"line":174,"column":-1},"end":{"line":174,"column":7}},"locations":[{"start":{"line":174,"column":-1},"end":{"line":174,"column":7}}]},"77":{"type":"branch","line":174,"loc":{"start":{"line":174,"column":32},"end":{"line":176,"column":5}},"locations":[{"start":{"line":174,"column":32},"end":{"line":176,"column":5}}]},"78":{"type":"branch","line":177,"loc":{"start":{"line":177,"column":-1},"end":{"line":228,"column":5}},"locations":[{"start":{"line":177,"column":-1},"end":{"line":228,"column":5}}]},"79":{"type":"branch","line":191,"loc":{"start":{"line":191,"column":34},"end":{"line":204,"column":14}},"locations":[{"start":{"line":191,"column":34},"end":{"line":204,"column":14}}]},"80":{"type":"branch","line":192,"loc":{"start":{"line":192,"column":25},"end":{"line":194,"column":15}},"locations":[{"start":{"line":192,"column":25},"end":{"line":194,"column":15}}]},"81":{"type":"branch","line":194,"loc":{"start":{"line":194,"column":39},"end":{"line":196,"column":13}},"locations":[{"start":{"line":194,"column":39},"end":{"line":196,"column":13}}]},"82":{"type":"branch","line":204,"loc":{"start":{"line":204,"column":9},"end":{"line":226,"column":9}},"locations":[{"start":{"line":204,"column":9},"end":{"line":226,"column":9}}]},"83":{"type":"branch","line":204,"loc":{"start":{"line":204,"column":41},"end":{"line":206,"column":14}},"locations":[{"start":{"line":204,"column":41},"end":{"line":206,"column":14}}]},"84":{"type":"branch","line":206,"loc":{"start":{"line":206,"column":9},"end":{"line":226,"column":9}},"locations":[{"start":{"line":206,"column":9},"end":{"line":226,"column":9}}]},"85":{"type":"branch","line":206,"loc":{"start":{"line":206,"column":42},"end":{"line":208,"column":14}},"locations":[{"start":{"line":206,"column":42},"end":{"line":208,"column":14}}]},"86":{"type":"branch","line":208,"loc":{"start":{"line":208,"column":9},"end":{"line":226,"column":9}},"locations":[{"start":{"line":208,"column":9},"end":{"line":226,"column":9}}]},"87":{"type":"branch","line":208,"loc":{"start":{"line":208,"column":45},"end":{"line":210,"column":14}},"locations":[{"start":{"line":208,"column":45},"end":{"line":210,"column":14}}]},"88":{"type":"branch","line":210,"loc":{"start":{"line":210,"column":9},"end":{"line":226,"column":9}},"locations":[{"start":{"line":210,"column":9},"end":{"line":226,"column":9}}]},"89":{"type":"branch","line":210,"loc":{"start":{"line":210,"column":41},"end":{"line":212,"column":14}},"locations":[{"start":{"line":210,"column":41},"end":{"line":212,"column":14}}]},"90":{"type":"branch","line":212,"loc":{"start":{"line":212,"column":9},"end":{"line":226,"column":9}},"locations":[{"start":{"line":212,"column":9},"end":{"line":226,"column":9}}]},"91":{"type":"branch","line":212,"loc":{"start":{"line":212,"column":42},"end":{"line":214,"column":14}},"locations":[{"start":{"line":212,"column":42},"end":{"line":214,"column":14}}]},"92":{"type":"branch","line":214,"loc":{"start":{"line":214,"column":9},"end":{"line":226,"column":9}},"locations":[{"start":{"line":214,"column":9},"end":{"line":226,"column":9}}]},"93":{"type":"branch","line":214,"loc":{"start":{"line":214,"column":43},"end":{"line":216,"column":14}},"locations":[{"start":{"line":214,"column":43},"end":{"line":216,"column":14}}]},"94":{"type":"branch","line":224,"loc":{"start":{"line":224,"column":-1},"end":{"line":226,"column":9}},"locations":[{"start":{"line":224,"column":-1},"end":{"line":226,"column":9}}]},"95":{"type":"branch","line":227,"loc":{"start":{"line":227,"column":-1},"end":{"line":228,"column":5}},"locations":[{"start":{"line":227,"column":-1},"end":{"line":228,"column":5}}]},"96":{"type":"branch","line":229,"loc":{"start":{"line":229,"column":-1},"end":{"line":230,"column":1}},"locations":[{"start":{"line":229,"column":-1},"end":{"line":230,"column":1}}]},"97":{"type":"branch","line":178,"loc":{"start":{"line":178,"column":56},"end":{"line":180,"column":11}},"locations":[{"start":{"line":178,"column":56},"end":{"line":180,"column":11}}]},"98":{"type":"branch","line":181,"loc":{"start":{"line":181,"column":26},"end":{"line":185,"column":10}},"locations":[{"start":{"line":181,"column":26},"end":{"line":185,"column":10}}]},"99":{"type":"branch","line":182,"loc":{"start":{"line":182,"column":46},"end":{"line":182,"column":53}},"locations":[{"start":{"line":182,"column":46},"end":{"line":182,"column":53}}]},"100":{"type":"branch","line":183,"loc":{"start":{"line":183,"column":37},"end":{"line":183,"column":66}},"locations":[{"start":{"line":183,"column":37},"end":{"line":183,"column":66}}]},"101":{"type":"branch","line":186,"loc":{"start":{"line":186,"column":26},"end":{"line":189,"column":10}},"locations":[{"start":{"line":186,"column":26},"end":{"line":189,"column":10}}]},"102":{"type":"branch","line":187,"loc":{"start":{"line":187,"column":37},"end":{"line":187,"column":44}},"locations":[{"start":{"line":187,"column":37},"end":{"line":187,"column":44}}]},"103":{"type":"branch","line":202,"loc":{"start":{"line":202,"column":55},"end":{"line":202,"column":90}},"locations":[{"start":{"line":202,"column":55},"end":{"line":202,"column":90}}]},"104":{"type":"branch","line":217,"loc":{"start":{"line":217,"column":66},"end":{"line":218,"column":42}},"locations":[{"start":{"line":217,"column":66},"end":{"line":218,"column":42}}]},"105":{"type":"branch","line":232,"loc":{"start":{"line":232,"column":0},"end":{"line":237,"column":1}},"locations":[{"start":{"line":232,"column":0},"end":{"line":237,"column":1}}]},"106":{"type":"branch","line":239,"loc":{"start":{"line":239,"column":7},"end":{"line":241,"column":1}},"locations":[{"start":{"line":239,"column":7},"end":{"line":241,"column":1}}]}},"b":{"0":[74],"1":[169],"2":[69],"3":[0],"4":[56],"5":[6],"6":[113],"7":[54],"8":[59],"9":[128],"10":[41],"11":[11],"12":[85],"13":[42],"14":[0],"15":[43],"16":[0],"17":[43],"18":[0],"19":[0],"20":[113],"21":[13],"22":[100],"23":[2],"24":[98],"25":[25],"26":[73],"27":[1],"28":[72],"29":[4],"30":[68],"31":[0],"32":[0],"33":[0],"34":[3],"35":[65],"36":[1],"37":[64],"38":[10],"39":[54],"40":[1],"41":[53],"42":[2],"43":[51],"44":[2],"45":[0],"46":[0],"47":[0],"48":[49],"49":[3],"50":[0],"51":[2],"52":[2],"53":[0],"54":[46],"55":[2],"56":[44],"57":[0],"58":[4],"59":[2],"60":[1],"61":[1],"62":[52],"63":[0],"64":[8],"65":[0],"66":[5],"67":[2],"68":[0],"69":[5],"70":[0],"71":[66],"72":[94],"73":[219],"74":[134],"75":[0],"76":[85],"77":[2],"78":[83],"79":[58],"80":[0],"81":[35],"82":[25],"83":[4],"84":[21],"85":[2],"86":[19],"87":[6],"88":[13],"89":[6],"90":[7],"91":[6],"92":[1],"93":[0],"94":[0],"95":[0],"96":[0],"97":[1],"98":[1],"99":[0],"100":[1],"101":[83],"102":[0],"103":[59],"104":[1],"105":[27],"106":[27]},"fnMap":{"0":{"name":"childNodesToRichtextParagraphs","decl":{"start":{"line":10,"column":0},"end":{"line":36,"column":1}},"loc":{"start":{"line":10,"column":0},"end":{"line":36,"column":1}},"line":10},"1":{"name":"commit","decl":{"start":{"line":12,"column":4},"end":{"line":17,"column":5}},"loc":{"start":{"line":12,"column":4},"end":{"line":17,"column":5}},"line":12},"2":{"name":"childListItemsToRichtextListItems","decl":{"start":{"line":37,"column":0},"end":{"line":54,"column":1}},"loc":{"start":{"line":37,"column":0},"end":{"line":54,"column":1}},"line":37},"3":{"name":"contentParagraphToRichtextParagraph","decl":{"start":{"line":55,"column":0},"end":{"line":159,"column":1}},"loc":{"start":{"line":55,"column":0},"end":{"line":159,"column":1}},"line":55},"4":{"name":"eatClass","decl":{"start":{"line":66,"column":26},"end":{"line":70,"column":10}},"loc":{"start":{"line":66,"column":26},"end":{"line":70,"column":10}},"line":66},"5":{"name":"noClasses","decl":{"start":{"line":71,"column":26},"end":{"line":76,"column":10}},"loc":{"start":{"line":71,"column":26},"end":{"line":76,"column":10}},"line":71},"6":{"name":"contentSpansToRichtextSpans","decl":{"start":{"line":160,"column":0},"end":{"line":166,"column":1}},"loc":{"start":{"line":160,"column":0},"end":{"line":166,"column":1}},"line":160},"7":{"name":"contentSpanToRichtextSpan","decl":{"start":{"line":167,"column":0},"end":{"line":230,"column":1}},"loc":{"start":{"line":167,"column":0},"end":{"line":230,"column":1}},"line":167},"8":{"name":"eatClass","decl":{"start":{"line":181,"column":26},"end":{"line":185,"column":10}},"loc":{"start":{"line":181,"column":26},"end":{"line":185,"column":10}},"line":181},"9":{"name":"noClasses","decl":{"start":{"line":186,"column":26},"end":{"line":189,"column":10}},"loc":{"start":{"line":186,"column":26},"end":{"line":189,"column":10}},"line":186},"10":{"name":"setupGenMeta","decl":{"start":{"line":232,"column":0},"end":{"line":237,"column":1}},"loc":{"start":{"line":232,"column":0},"end":{"line":237,"column":1}},"line":232},"11":{"name":"parseContentHTML","decl":{"start":{"line":239,"column":7},"end":{"line":241,"column":1}},"loc":{"start":{"line":239,"column":7},"end":{"line":241,"column":1}},"line":239}},"f":{"0":74,"1":128,"2":11,"3":113,"4":2,"5":52,"6":66,"7":219,"8":1,"9":83,"10":27,"11":27}}
,"/home/pfg/Dev/Node/threadclient/src/types/generic.ts": {"path":"/home/pfg/Dev/Node/threadclient/src/types/generic.ts","all":false,"statementMap":{"0":{"start":{"line":1,"column":0},"end":{"line":1,"column":28}},"1":{"start":{"line":2,"column":0},"end":{"line":2,"column":0}},"2":{"start":{"line":3,"column":0},"end":{"line":3,"column":47}},"3":{"start":{"line":4,"column":0},"end":{"line":4,"column":0}},"4":{"start":{"line":5,"column":0},"end":{"line":5,"column":28}},"5":{"start":{"line":6,"column":0},"end":{"line":6,"column":94}},"6":{"start":{"line":7,"column":0},"end":{"line":7,"column":103}},"7":{"start":{"line":8,"column":0},"end":{"line":8,"column":80}},"8":{"start":{"line":9,"column":0},"end":{"line":9,"column":47}},"9":{"start":{"line":10,"column":0},"end":{"line":10,"column":2}},"10":{"start":{"line":11,"column":0},"end":{"line":11,"column":47}},"11":{"start":{"line":12,"column":0},"end":{"line":12,"column":30}},"12":{"start":{"line":13,"column":0},"end":{"line":13,"column":15}},"13":{"start":{"line":14,"column":0},"end":{"line":14,"column":2}},"14":{"start":{"line":15,"column":0},"end":{"line":15,"column":0}},"15":{"start":{"line":16,"column":0},"end":{"line":16,"column":17}},"16":{"start":{"line":17,"column":0},"end":{"line":17,"column":29}},"17":{"start":{"line":18,"column":0},"end":{"line":18,"column":14}},"18":{"start":{"line":19,"column":0},"end":{"line":19,"column":18}},"19":{"start":{"line":20,"column":0},"end":{"line":20,"column":17}},"20":{"start":{"line":21,"column":0},"end":{"line":21,"column":18}},"21":{"start":{"line":22,"column":0},"end":{"line":22,"column":46}},"22":{"start":{"line":23,"column":0},"end":{"line":23,"column":2}},"23":{"start":{"line":24,"column":0},"end":{"line":24,"column":16}},"24":{"start":{"line":25,"column":0},"end":{"line":25,"column":17}},"25":{"start":{"line":26,"column":0},"end":{"line":26,"column":21}},"26":{"start":{"line":27,"column":0},"end":{"line":27,"column":51}},"27":{"start":{"line":28,"column":0},"end":{"line":28,"column":49}},"28":{"start":{"line":29,"column":0},"end":{"line":29,"column":16}},"29":{"start":{"line":30,"column":0},"end":{"line":30,"column":18}},"30":{"start":{"line":31,"column":0},"end":{"line":31,"column":22}},"31":{"start":{"line":32,"column":0},"end":{"line":32,"column":23}},"32":{"start":{"line":33,"column":0},"end":{"line":33,"column":20}},"33":{"start":{"line":34,"column":0},"end":{"line":34,"column":11}},"34":{"start":{"line":35,"column":0},"end":{"line":35,"column":65}},"35":{"start":{"line":36,"column":0},"end":{"line":36,"column":56}},"36":{"start":{"line":37,"column":0},"end":{"line":37,"column":74}},"37":{"start":{"line":38,"column":0},"end":{"line":38,"column":22}},"38":{"start":{"line":39,"column":0},"end":{"line":39,"column":0}},"39":{"start":{"line":40,"column":0},"end":{"line":40,"column":24}},"40":{"start":{"line":41,"column":0},"end":{"line":41,"column":62}},"41":{"start":{"line":42,"column":0},"end":{"line":42,"column":25}},"42":{"start":{"line":43,"column":0},"end":{"line":43,"column":73}},"43":{"start":{"line":44,"column":0},"end":{"line":44,"column":0}},"44":{"start":{"line":45,"column":0},"end":{"line":45,"column":22}},"45":{"start":{"line":46,"column":0},"end":{"line":46,"column":49}},"46":{"start":{"line":47,"column":0},"end":{"line":47,"column":49}},"47":{"start":{"line":48,"column":0},"end":{"line":48,"column":51}},"48":{"start":{"line":49,"column":0},"end":{"line":49,"column":39}},"49":{"start":{"line":50,"column":0},"end":{"line":50,"column":0}},"50":{"start":{"line":51,"column":0},"end":{"line":51,"column":45}},"51":{"start":{"line":52,"column":0},"end":{"line":52,"column":73}},"52":{"start":{"line":53,"column":0},"end":{"line":53,"column":21}},"53":{"start":{"line":54,"column":0},"end":{"line":54,"column":18}},"54":{"start":{"line":55,"column":0},"end":{"line":55,"column":26}},"55":{"start":{"line":56,"column":0},"end":{"line":56,"column":24}},"56":{"start":{"line":57,"column":0},"end":{"line":57,"column":2}},"57":{"start":{"line":58,"column":0},"end":{"line":58,"column":51}},"58":{"start":{"line":59,"column":0},"end":{"line":59,"column":42}},"59":{"start":{"line":60,"column":0},"end":{"line":60,"column":55}},"60":{"start":{"line":61,"column":0},"end":{"line":61,"column":24}},"61":{"start":{"line":62,"column":0},"end":{"line":62,"column":17}},"62":{"start":{"line":63,"column":0},"end":{"line":63,"column":81}},"63":{"start":{"line":64,"column":0},"end":{"line":64,"column":36}},"64":{"start":{"line":65,"column":0},"end":{"line":65,"column":32}},"65":{"start":{"line":66,"column":0},"end":{"line":66,"column":0}},"66":{"start":{"line":67,"column":0},"end":{"line":67,"column":138}},"67":{"start":{"line":68,"column":0},"end":{"line":68,"column":27}},"68":{"start":{"line":69,"column":0},"end":{"line":69,"column":45}},"69":{"start":{"line":70,"column":0},"end":{"line":70,"column":2}},"70":{"start":{"line":71,"column":0},"end":{"line":71,"column":70}},"71":{"start":{"line":72,"column":0},"end":{"line":72,"column":69}},"72":{"start":{"line":73,"column":0},"end":{"line":73,"column":43}},"73":{"start":{"line":74,"column":0},"end":{"line":74,"column":34}},"74":{"start":{"line":75,"column":0},"end":{"line":75,"column":20}},"75":{"start":{"line":76,"column":0},"end":{"line":76,"column":36}},"76":{"start":{"line":77,"column":0},"end":{"line":77,"column":32}},"77":{"start":{"line":78,"column":0},"end":{"line":78,"column":2}},"78":{"start":{"line":79,"column":0},"end":{"line":79,"column":27}},"79":{"start":{"line":80,"column":0},"end":{"line":80,"column":30}},"80":{"start":{"line":81,"column":0},"end":{"line":81,"column":16}},"81":{"start":{"line":82,"column":0},"end":{"line":82,"column":15}},"82":{"start":{"line":83,"column":0},"end":{"line":83,"column":30}},"83":{"start":{"line":84,"column":0},"end":{"line":84,"column":26}},"84":{"start":{"line":85,"column":0},"end":{"line":85,"column":2}},"85":{"start":{"line":86,"column":0},"end":{"line":86,"column":28}},"86":{"start":{"line":87,"column":0},"end":{"line":87,"column":17}},"87":{"start":{"line":88,"column":0},"end":{"line":88,"column":25}},"88":{"start":{"line":89,"column":0},"end":{"line":89,"column":5}},"89":{"start":{"line":90,"column":0},"end":{"line":90,"column":22}},"90":{"start":{"line":91,"column":0},"end":{"line":91,"column":2}},"91":{"start":{"line":92,"column":0},"end":{"line":92,"column":0}},"92":{"start":{"line":93,"column":0},"end":{"line":93,"column":27}},"93":{"start":{"line":94,"column":0},"end":{"line":94,"column":21}},"94":{"start":{"line":95,"column":0},"end":{"line":95,"column":62}},"95":{"start":{"line":96,"column":0},"end":{"line":96,"column":72}},"96":{"start":{"line":97,"column":0},"end":{"line":97,"column":41}},"97":{"start":{"line":98,"column":0},"end":{"line":98,"column":0}},"98":{"start":{"line":99,"column":0},"end":{"line":99,"column":26}},"99":{"start":{"line":100,"column":0},"end":{"line":100,"column":19}},"100":{"start":{"line":101,"column":0},"end":{"line":101,"column":19}},"101":{"start":{"line":102,"column":0},"end":{"line":102,"column":2}},"102":{"start":{"line":103,"column":0},"end":{"line":103,"column":79}},"103":{"start":{"line":104,"column":0},"end":{"line":104,"column":31}},"104":{"start":{"line":105,"column":0},"end":{"line":105,"column":59}},"105":{"start":{"line":106,"column":0},"end":{"line":106,"column":55}},"106":{"start":{"line":107,"column":0},"end":{"line":107,"column":36}},"107":{"start":{"line":108,"column":0},"end":{"line":108,"column":65}},"108":{"start":{"line":109,"column":0},"end":{"line":109,"column":33}},"109":{"start":{"line":110,"column":0},"end":{"line":110,"column":17}},"110":{"start":{"line":111,"column":0},"end":{"line":111,"column":0}},"111":{"start":{"line":112,"column":0},"end":{"line":112,"column":19}},"112":{"start":{"line":113,"column":0},"end":{"line":113,"column":21}},"113":{"start":{"line":114,"column":0},"end":{"line":114,"column":62}},"114":{"start":{"line":115,"column":0},"end":{"line":115,"column":6}},"115":{"start":{"line":116,"column":0},"end":{"line":116,"column":12}},"116":{"start":{"line":117,"column":0},"end":{"line":117,"column":31}},"117":{"start":{"line":118,"column":0},"end":{"line":118,"column":86}},"118":{"start":{"line":119,"column":0},"end":{"line":119,"column":6}},"119":{"start":{"line":120,"column":0},"end":{"line":120,"column":30}},"120":{"start":{"line":121,"column":0},"end":{"line":121,"column":15}},"121":{"start":{"line":122,"column":0},"end":{"line":122,"column":47}},"122":{"start":{"line":123,"column":0},"end":{"line":123,"column":12}},"123":{"start":{"line":124,"column":0},"end":{"line":124,"column":15}},"124":{"start":{"line":125,"column":0},"end":{"line":125,"column":17}},"125":{"start":{"line":126,"column":0},"end":{"line":126,"column":72}},"126":{"start":{"line":127,"column":0},"end":{"line":127,"column":32}},"127":{"start":{"line":128,"column":0},"end":{"line":128,"column":18}},"128":{"start":{"line":129,"column":0},"end":{"line":129,"column":36}},"129":{"start":{"line":130,"column":0},"end":{"line":130,"column":38}},"130":{"start":{"line":131,"column":0},"end":{"line":131,"column":86}},"131":{"start":{"line":132,"column":0},"end":{"line":132,"column":9}},"132":{"start":{"line":133,"column":0},"end":{"line":133,"column":15}},"133":{"start":{"line":134,"column":0},"end":{"line":134,"column":167}},"134":{"start":{"line":135,"column":0},"end":{"line":135,"column":25}},"135":{"start":{"line":136,"column":0},"end":{"line":136,"column":6}},"136":{"start":{"line":137,"column":0},"end":{"line":137,"column":2}},"137":{"start":{"line":138,"column":0},"end":{"line":138,"column":0}},"138":{"start":{"line":139,"column":0},"end":{"line":139,"column":80}},"139":{"start":{"line":140,"column":0},"end":{"line":140,"column":92}},"140":{"start":{"line":141,"column":0},"end":{"line":141,"column":0}},"141":{"start":{"line":142,"column":0},"end":{"line":142,"column":51}},"142":{"start":{"line":143,"column":0},"end":{"line":143,"column":52}},"143":{"start":{"line":144,"column":0},"end":{"line":144,"column":58}},"144":{"start":{"line":145,"column":0},"end":{"line":145,"column":57}},"145":{"start":{"line":146,"column":0},"end":{"line":146,"column":17}},"146":{"start":{"line":147,"column":0},"end":{"line":147,"column":56}},"147":{"start":{"line":148,"column":0},"end":{"line":148,"column":0}},"148":{"start":{"line":149,"column":0},"end":{"line":149,"column":40}},"149":{"start":{"line":150,"column":0},"end":{"line":150,"column":72}},"150":{"start":{"line":151,"column":0},"end":{"line":151,"column":44}},"151":{"start":{"line":152,"column":0},"end":{"line":152,"column":17}},"152":{"start":{"line":153,"column":0},"end":{"line":153,"column":25}},"153":{"start":{"line":154,"column":0},"end":{"line":154,"column":16}},"154":{"start":{"line":155,"column":0},"end":{"line":155,"column":29}},"155":{"start":{"line":156,"column":0},"end":{"line":156,"column":28}},"156":{"start":{"line":157,"column":0},"end":{"line":157,"column":6}},"157":{"start":{"line":158,"column":0},"end":{"line":158,"column":29}},"158":{"start":{"line":159,"column":0},"end":{"line":159,"column":23}},"159":{"start":{"line":160,"column":0},"end":{"line":160,"column":19}},"160":{"start":{"line":161,"column":0},"end":{"line":161,"column":19}},"161":{"start":{"line":162,"column":0},"end":{"line":162,"column":2}},"162":{"start":{"line":163,"column":0},"end":{"line":163,"column":105}},"163":{"start":{"line":164,"column":0},"end":{"line":164,"column":27}},"164":{"start":{"line":165,"column":0},"end":{"line":165,"column":18}},"165":{"start":{"line":166,"column":0},"end":{"line":166,"column":5}},"166":{"start":{"line":167,"column":0},"end":{"line":167,"column":24}},"167":{"start":{"line":168,"column":0},"end":{"line":168,"column":25}},"168":{"start":{"line":169,"column":0},"end":{"line":169,"column":27}},"169":{"start":{"line":170,"column":0},"end":{"line":170,"column":39}},"170":{"start":{"line":171,"column":0},"end":{"line":171,"column":30}},"171":{"start":{"line":172,"column":0},"end":{"line":172,"column":55}},"172":{"start":{"line":173,"column":0},"end":{"line":173,"column":15}},"173":{"start":{"line":174,"column":0},"end":{"line":174,"column":2}},"174":{"start":{"line":175,"column":0},"end":{"line":175,"column":26}},"175":{"start":{"line":176,"column":0},"end":{"line":176,"column":18}},"176":{"start":{"line":177,"column":0},"end":{"line":177,"column":23}},"177":{"start":{"line":178,"column":0},"end":{"line":178,"column":44}},"178":{"start":{"line":179,"column":0},"end":{"line":179,"column":25}},"179":{"start":{"line":180,"column":0},"end":{"line":180,"column":2}},"180":{"start":{"line":181,"column":0},"end":{"line":181,"column":33}},"181":{"start":{"line":182,"column":0},"end":{"line":182,"column":11}},"182":{"start":{"line":183,"column":0},"end":{"line":183,"column":22}},"183":{"start":{"line":184,"column":0},"end":{"line":184,"column":12}},"184":{"start":{"line":185,"column":0},"end":{"line":185,"column":2}},"185":{"start":{"line":186,"column":0},"end":{"line":186,"column":28}},"186":{"start":{"line":187,"column":0},"end":{"line":187,"column":11}},"187":{"start":{"line":188,"column":0},"end":{"line":188,"column":14}},"188":{"start":{"line":189,"column":0},"end":{"line":189,"column":26}},"189":{"start":{"line":190,"column":0},"end":{"line":190,"column":0}},"190":{"start":{"line":191,"column":0},"end":{"line":191,"column":0}},"191":{"start":{"line":192,"column":0},"end":{"line":192,"column":20}},"192":{"start":{"line":193,"column":0},"end":{"line":193,"column":18}},"193":{"start":{"line":194,"column":0},"end":{"line":194,"column":19}},"194":{"start":{"line":195,"column":0},"end":{"line":195,"column":28}},"195":{"start":{"line":196,"column":0},"end":{"line":196,"column":11}},"196":{"start":{"line":197,"column":0},"end":{"line":197,"column":24}},"197":{"start":{"line":198,"column":0},"end":{"line":198,"column":28}},"198":{"start":{"line":199,"column":0},"end":{"line":199,"column":20}},"199":{"start":{"line":200,"column":0},"end":{"line":200,"column":28}},"200":{"start":{"line":201,"column":0},"end":{"line":201,"column":31}},"201":{"start":{"line":202,"column":0},"end":{"line":202,"column":33}},"202":{"start":{"line":203,"column":0},"end":{"line":203,"column":9}},"203":{"start":{"line":204,"column":0},"end":{"line":204,"column":20}},"204":{"start":{"line":205,"column":0},"end":{"line":205,"column":28}},"205":{"start":{"line":206,"column":0},"end":{"line":206,"column":6}},"206":{"start":{"line":207,"column":0},"end":{"line":207,"column":55}},"207":{"start":{"line":208,"column":0},"end":{"line":208,"column":2}},"208":{"start":{"line":209,"column":0},"end":{"line":209,"column":22}},"209":{"start":{"line":210,"column":0},"end":{"line":210,"column":22}},"210":{"start":{"line":211,"column":0},"end":{"line":211,"column":21}},"211":{"start":{"line":212,"column":0},"end":{"line":212,"column":2}},"212":{"start":{"line":213,"column":0},"end":{"line":213,"column":21}},"213":{"start":{"line":214,"column":0},"end":{"line":214,"column":15}},"214":{"start":{"line":215,"column":0},"end":{"line":215,"column":17}},"215":{"start":{"line":216,"column":0},"end":{"line":216,"column":37}},"216":{"start":{"line":217,"column":0},"end":{"line":217,"column":38}},"217":{"start":{"line":218,"column":0},"end":{"line":218,"column":0}},"218":{"start":{"line":219,"column":0},"end":{"line":219,"column":16}},"219":{"start":{"line":220,"column":0},"end":{"line":220,"column":2}},"220":{"start":{"line":221,"column":0},"end":{"line":221,"column":25}},"221":{"start":{"line":222,"column":0},"end":{"line":222,"column":95}},"222":{"start":{"line":223,"column":0},"end":{"line":223,"column":0}},"223":{"start":{"line":224,"column":0},"end":{"line":224,"column":16}},"224":{"start":{"line":225,"column":0},"end":{"line":225,"column":2}},"225":{"start":{"line":226,"column":0},"end":{"line":226,"column":29}},"226":{"start":{"line":227,"column":0},"end":{"line":227,"column":73}},"227":{"start":{"line":228,"column":0},"end":{"line":228,"column":87}},"228":{"start":{"line":229,"column":0},"end":{"line":229,"column":16}},"229":{"start":{"line":230,"column":0},"end":{"line":230,"column":20}},"230":{"start":{"line":231,"column":0},"end":{"line":231,"column":2}},"231":{"start":{"line":232,"column":0},"end":{"line":232,"column":24}},"232":{"start":{"line":233,"column":0},"end":{"line":233,"column":17}},"233":{"start":{"line":234,"column":0},"end":{"line":234,"column":20}},"234":{"start":{"line":235,"column":0},"end":{"line":235,"column":55}},"235":{"start":{"line":236,"column":0},"end":{"line":236,"column":2}},"236":{"start":{"line":237,"column":0},"end":{"line":237,"column":35}},"237":{"start":{"line":238,"column":0},"end":{"line":238,"column":0}},"238":{"start":{"line":239,"column":0},"end":{"line":239,"column":25}},"239":{"start":{"line":240,"column":0},"end":{"line":240,"column":25}},"240":{"start":{"line":241,"column":0},"end":{"line":241,"column":27}},"241":{"start":{"line":242,"column":0},"end":{"line":242,"column":32}},"242":{"start":{"line":243,"column":0},"end":{"line":243,"column":30}},"243":{"start":{"line":244,"column":0},"end":{"line":244,"column":6}},"244":{"start":{"line":245,"column":0},"end":{"line":245,"column":29}},"245":{"start":{"line":246,"column":0},"end":{"line":246,"column":26}},"246":{"start":{"line":247,"column":0},"end":{"line":247,"column":25}},"247":{"start":{"line":248,"column":0},"end":{"line":248,"column":9}},"248":{"start":{"line":249,"column":0},"end":{"line":249,"column":21}},"249":{"start":{"line":250,"column":0},"end":{"line":250,"column":19}},"250":{"start":{"line":251,"column":0},"end":{"line":251,"column":9}},"251":{"start":{"line":252,"column":0},"end":{"line":252,"column":24}},"252":{"start":{"line":253,"column":0},"end":{"line":253,"column":22}},"253":{"start":{"line":254,"column":0},"end":{"line":254,"column":25}},"254":{"start":{"line":255,"column":0},"end":{"line":255,"column":9}},"255":{"start":{"line":256,"column":0},"end":{"line":256,"column":32}},"256":{"start":{"line":257,"column":0},"end":{"line":257,"column":9}},"257":{"start":{"line":258,"column":0},"end":{"line":258,"column":27}},"258":{"start":{"line":259,"column":0},"end":{"line":259,"column":30}},"259":{"start":{"line":260,"column":0},"end":{"line":260,"column":9}},"260":{"start":{"line":261,"column":0},"end":{"line":261,"column":21}},"261":{"start":{"line":262,"column":0},"end":{"line":262,"column":25}},"262":{"start":{"line":263,"column":0},"end":{"line":263,"column":29}},"263":{"start":{"line":264,"column":0},"end":{"line":264,"column":9}},"264":{"start":{"line":265,"column":0},"end":{"line":265,"column":27}},"265":{"start":{"line":266,"column":0},"end":{"line":266,"column":21}},"266":{"start":{"line":267,"column":0},"end":{"line":267,"column":22}},"267":{"start":{"line":268,"column":0},"end":{"line":268,"column":9}},"268":{"start":{"line":269,"column":0},"end":{"line":269,"column":22}},"269":{"start":{"line":270,"column":0},"end":{"line":270,"column":33}},"270":{"start":{"line":271,"column":0},"end":{"line":271,"column":32}},"271":{"start":{"line":272,"column":0},"end":{"line":272,"column":6}},"272":{"start":{"line":273,"column":0},"end":{"line":273,"column":28}},"273":{"start":{"line":274,"column":0},"end":{"line":274,"column":26}},"274":{"start":{"line":275,"column":0},"end":{"line":275,"column":30}},"275":{"start":{"line":276,"column":0},"end":{"line":276,"column":9}},"276":{"start":{"line":277,"column":0},"end":{"line":277,"column":32}},"277":{"start":{"line":278,"column":0},"end":{"line":278,"column":25}},"278":{"start":{"line":279,"column":0},"end":{"line":279,"column":87}},"279":{"start":{"line":280,"column":0},"end":{"line":280,"column":6}},"280":{"start":{"line":281,"column":0},"end":{"line":281,"column":29}},"281":{"start":{"line":282,"column":0},"end":{"line":282,"column":21}},"282":{"start":{"line":283,"column":0},"end":{"line":283,"column":20}},"283":{"start":{"line":284,"column":0},"end":{"line":284,"column":25}},"284":{"start":{"line":285,"column":0},"end":{"line":285,"column":18}},"285":{"start":{"line":286,"column":0},"end":{"line":286,"column":33}},"286":{"start":{"line":287,"column":0},"end":{"line":287,"column":6}},"287":{"start":{"line":288,"column":0},"end":{"line":288,"column":36}},"288":{"start":{"line":289,"column":0},"end":{"line":289,"column":41}},"289":{"start":{"line":290,"column":0},"end":{"line":290,"column":31}},"290":{"start":{"line":291,"column":0},"end":{"line":291,"column":15}},"291":{"start":{"line":292,"column":0},"end":{"line":292,"column":24}},"292":{"start":{"line":293,"column":0},"end":{"line":293,"column":21}},"293":{"start":{"line":294,"column":0},"end":{"line":294,"column":21}},"294":{"start":{"line":295,"column":0},"end":{"line":295,"column":22}},"295":{"start":{"line":296,"column":0},"end":{"line":296,"column":20}},"296":{"start":{"line":297,"column":0},"end":{"line":297,"column":19}},"297":{"start":{"line":298,"column":0},"end":{"line":298,"column":9}},"298":{"start":{"line":299,"column":0},"end":{"line":299,"column":24}},"299":{"start":{"line":300,"column":0},"end":{"line":300,"column":25}},"300":{"start":{"line":301,"column":0},"end":{"line":301,"column":9}},"301":{"start":{"line":302,"column":0},"end":{"line":302,"column":22}},"302":{"start":{"line":303,"column":0},"end":{"line":303,"column":20}},"303":{"start":{"line":304,"column":0},"end":{"line":304,"column":21}},"304":{"start":{"line":305,"column":0},"end":{"line":305,"column":9}},"305":{"start":{"line":306,"column":0},"end":{"line":306,"column":22}},"306":{"start":{"line":307,"column":0},"end":{"line":307,"column":21}},"307":{"start":{"line":308,"column":0},"end":{"line":308,"column":9}},"308":{"start":{"line":309,"column":0},"end":{"line":309,"column":25}},"309":{"start":{"line":310,"column":0},"end":{"line":310,"column":22}},"310":{"start":{"line":311,"column":0},"end":{"line":311,"column":9}},"311":{"start":{"line":312,"column":0},"end":{"line":312,"column":22}},"312":{"start":{"line":313,"column":0},"end":{"line":313,"column":21}},"313":{"start":{"line":314,"column":0},"end":{"line":314,"column":23}},"314":{"start":{"line":315,"column":0},"end":{"line":315,"column":9}},"315":{"start":{"line":316,"column":0},"end":{"line":316,"column":21}},"316":{"start":{"line":317,"column":0},"end":{"line":317,"column":21}},"317":{"start":{"line":318,"column":0},"end":{"line":318,"column":6}},"318":{"start":{"line":319,"column":0},"end":{"line":319,"column":32}},"319":{"start":{"line":320,"column":0},"end":{"line":320,"column":44}},"320":{"start":{"line":321,"column":0},"end":{"line":321,"column":25}},"321":{"start":{"line":322,"column":0},"end":{"line":322,"column":6}},"322":{"start":{"line":323,"column":0},"end":{"line":323,"column":29}},"323":{"start":{"line":324,"column":0},"end":{"line":324,"column":25}},"324":{"start":{"line":325,"column":0},"end":{"line":325,"column":6}},"325":{"start":{"line":326,"column":0},"end":{"line":326,"column":28}},"326":{"start":{"line":327,"column":0},"end":{"line":327,"column":30}},"327":{"start":{"line":328,"column":0},"end":{"line":328,"column":23}},"328":{"start":{"line":329,"column":0},"end":{"line":329,"column":26}},"329":{"start":{"line":330,"column":0},"end":{"line":330,"column":6}},"330":{"start":{"line":331,"column":0},"end":{"line":331,"column":50}},"331":{"start":{"line":332,"column":0},"end":{"line":332,"column":1}},"332":{"start":{"line":333,"column":0},"end":{"line":333,"column":24}},"333":{"start":{"line":334,"column":0},"end":{"line":334,"column":21}},"334":{"start":{"line":335,"column":0},"end":{"line":335,"column":43}},"335":{"start":{"line":336,"column":0},"end":{"line":336,"column":2}},"336":{"start":{"line":337,"column":0},"end":{"line":337,"column":42}},"337":{"start":{"line":338,"column":0},"end":{"line":338,"column":17}},"338":{"start":{"line":339,"column":0},"end":{"line":339,"column":16}},"339":{"start":{"line":340,"column":0},"end":{"line":340,"column":24}},"340":{"start":{"line":341,"column":0},"end":{"line":341,"column":5}},"341":{"start":{"line":342,"column":0},"end":{"line":342,"column":28}},"342":{"start":{"line":343,"column":0},"end":{"line":343,"column":16}},"343":{"start":{"line":344,"column":0},"end":{"line":344,"column":21}},"344":{"start":{"line":345,"column":0},"end":{"line":345,"column":17}},"345":{"start":{"line":346,"column":0},"end":{"line":346,"column":21}},"346":{"start":{"line":347,"column":0},"end":{"line":347,"column":21}},"347":{"start":{"line":348,"column":0},"end":{"line":348,"column":5}},"348":{"start":{"line":349,"column":0},"end":{"line":349,"column":31}},"349":{"start":{"line":350,"column":0},"end":{"line":350,"column":16}},"350":{"start":{"line":351,"column":0},"end":{"line":351,"column":5}},"351":{"start":{"line":352,"column":0},"end":{"line":352,"column":18}},"352":{"start":{"line":353,"column":0},"end":{"line":353,"column":24}},"353":{"start":{"line":354,"column":0},"end":{"line":354,"column":15}},"354":{"start":{"line":355,"column":0},"end":{"line":355,"column":15}},"355":{"start":{"line":356,"column":0},"end":{"line":356,"column":18}},"356":{"start":{"line":357,"column":0},"end":{"line":357,"column":21}},"357":{"start":{"line":358,"column":0},"end":{"line":358,"column":17}},"358":{"start":{"line":359,"column":0},"end":{"line":359,"column":5}},"359":{"start":{"line":360,"column":0},"end":{"line":360,"column":26}},"360":{"start":{"line":361,"column":0},"end":{"line":361,"column":15}},"361":{"start":{"line":362,"column":0},"end":{"line":362,"column":15}},"362":{"start":{"line":363,"column":0},"end":{"line":363,"column":15}},"363":{"start":{"line":364,"column":0},"end":{"line":364,"column":18}},"364":{"start":{"line":365,"column":0},"end":{"line":365,"column":21}},"365":{"start":{"line":366,"column":0},"end":{"line":366,"column":5}},"366":{"start":{"line":367,"column":0},"end":{"line":367,"column":19}},"367":{"start":{"line":368,"column":0},"end":{"line":368,"column":15}},"368":{"start":{"line":369,"column":0},"end":{"line":369,"column":17}},"369":{"start":{"line":370,"column":0},"end":{"line":370,"column":5}},"370":{"start":{"line":371,"column":0},"end":{"line":371,"column":20}},"371":{"start":{"line":372,"column":0},"end":{"line":372,"column":15}},"372":{"start":{"line":373,"column":0},"end":{"line":373,"column":19}},"373":{"start":{"line":374,"column":0},"end":{"line":374,"column":5}},"374":{"start":{"line":375,"column":0},"end":{"line":375,"column":18}},"375":{"start":{"line":376,"column":0},"end":{"line":376,"column":21}},"376":{"start":{"line":377,"column":0},"end":{"line":377,"column":36}},"377":{"start":{"line":378,"column":0},"end":{"line":378,"column":5}},"378":{"start":{"line":379,"column":0},"end":{"line":379,"column":24}},"379":{"start":{"line":380,"column":0},"end":{"line":380,"column":17}},"380":{"start":{"line":381,"column":0},"end":{"line":381,"column":5}},"381":{"start":{"line":382,"column":0},"end":{"line":382,"column":19}},"382":{"start":{"line":383,"column":0},"end":{"line":383,"column":16}},"383":{"start":{"line":384,"column":0},"end":{"line":384,"column":5}},"384":{"start":{"line":385,"column":0},"end":{"line":385,"column":35}},"385":{"start":{"line":386,"column":0},"end":{"line":386,"column":28}},"386":{"start":{"line":387,"column":0},"end":{"line":387,"column":5}},"387":{"start":{"line":388,"column":0},"end":{"line":388,"column":18}},"388":{"start":{"line":389,"column":0},"end":{"line":389,"column":16}},"389":{"start":{"line":390,"column":0},"end":{"line":390,"column":21}},"390":{"start":{"line":391,"column":0},"end":{"line":391,"column":17}},"391":{"start":{"line":392,"column":0},"end":{"line":392,"column":5}},"392":{"start":{"line":393,"column":0},"end":{"line":393,"column":20}},"393":{"start":{"line":394,"column":0},"end":{"line":394,"column":26}},"394":{"start":{"line":395,"column":0},"end":{"line":395,"column":5}},"395":{"start":{"line":396,"column":0},"end":{"line":396,"column":17}},"396":{"start":{"line":397,"column":0},"end":{"line":397,"column":27}},"397":{"start":{"line":398,"column":0},"end":{"line":398,"column":24}},"398":{"start":{"line":399,"column":0},"end":{"line":399,"column":68}},"399":{"start":{"line":400,"column":0},"end":{"line":400,"column":22}},"400":{"start":{"line":401,"column":0},"end":{"line":401,"column":25}},"401":{"start":{"line":402,"column":0},"end":{"line":402,"column":31}},"402":{"start":{"line":403,"column":0},"end":{"line":403,"column":45}},"403":{"start":{"line":404,"column":0},"end":{"line":404,"column":5}},"404":{"start":{"line":405,"column":0},"end":{"line":405,"column":17}},"405":{"start":{"line":406,"column":0},"end":{"line":406,"column":5}},"406":{"start":{"line":407,"column":0},"end":{"line":407,"column":20}},"407":{"start":{"line":408,"column":0},"end":{"line":408,"column":36}},"408":{"start":{"line":409,"column":0},"end":{"line":409,"column":46}},"409":{"start":{"line":410,"column":0},"end":{"line":410,"column":15}},"410":{"start":{"line":411,"column":0},"end":{"line":411,"column":5}},"411":{"start":{"line":412,"column":0},"end":{"line":412,"column":22}},"412":{"start":{"line":413,"column":0},"end":{"line":413,"column":19}},"413":{"start":{"line":414,"column":0},"end":{"line":414,"column":5}},"414":{"start":{"line":415,"column":0},"end":{"line":415,"column":18}},"415":{"start":{"line":416,"column":0},"end":{"line":416,"column":31}},"416":{"start":{"line":417,"column":0},"end":{"line":417,"column":5}},"417":{"start":{"line":418,"column":0},"end":{"line":418,"column":25}},"418":{"start":{"line":419,"column":0},"end":{"line":419,"column":36}},"419":{"start":{"line":420,"column":0},"end":{"line":420,"column":16}},"420":{"start":{"line":421,"column":0},"end":{"line":421,"column":18}},"421":{"start":{"line":422,"column":0},"end":{"line":422,"column":24}},"422":{"start":{"line":423,"column":0},"end":{"line":423,"column":16}},"423":{"start":{"line":424,"column":0},"end":{"line":424,"column":27}},"424":{"start":{"line":425,"column":0},"end":{"line":425,"column":5}},"425":{"start":{"line":426,"column":0},"end":{"line":426,"column":39}},"426":{"start":{"line":427,"column":0},"end":{"line":427,"column":2}},"427":{"start":{"line":428,"column":0},"end":{"line":428,"column":30}},"428":{"start":{"line":429,"column":0},"end":{"line":429,"column":18}},"429":{"start":{"line":430,"column":0},"end":{"line":430,"column":18}},"430":{"start":{"line":431,"column":0},"end":{"line":431,"column":17}},"431":{"start":{"line":432,"column":0},"end":{"line":432,"column":2}},"432":{"start":{"line":433,"column":0},"end":{"line":433,"column":27}},"433":{"start":{"line":434,"column":0},"end":{"line":434,"column":18}},"434":{"start":{"line":435,"column":0},"end":{"line":435,"column":14}},"435":{"start":{"line":436,"column":0},"end":{"line":436,"column":20}},"436":{"start":{"line":437,"column":0},"end":{"line":437,"column":22}},"437":{"start":{"line":438,"column":0},"end":{"line":438,"column":8}},"438":{"start":{"line":439,"column":0},"end":{"line":439,"column":5}},"439":{"start":{"line":440,"column":0},"end":{"line":440,"column":16}},"440":{"start":{"line":441,"column":0},"end":{"line":441,"column":16}},"441":{"start":{"line":442,"column":0},"end":{"line":442,"column":5}},"442":{"start":{"line":443,"column":0},"end":{"line":443,"column":17}},"443":{"start":{"line":444,"column":0},"end":{"line":444,"column":16}},"444":{"start":{"line":445,"column":0},"end":{"line":445,"column":20}},"445":{"start":{"line":446,"column":0},"end":{"line":446,"column":2}},"446":{"start":{"line":447,"column":0},"end":{"line":447,"column":114}},"447":{"start":{"line":448,"column":0},"end":{"line":448,"column":96}},"448":{"start":{"line":449,"column":0},"end":{"line":449,"column":22}},"449":{"start":{"line":450,"column":0},"end":{"line":450,"column":19}},"450":{"start":{"line":451,"column":0},"end":{"line":451,"column":0}},"451":{"start":{"line":452,"column":0},"end":{"line":452,"column":15}},"452":{"start":{"line":453,"column":0},"end":{"line":453,"column":17}},"453":{"start":{"line":454,"column":0},"end":{"line":454,"column":22}},"454":{"start":{"line":455,"column":0},"end":{"line":455,"column":20}},"455":{"start":{"line":456,"column":0},"end":{"line":456,"column":9}},"456":{"start":{"line":457,"column":0},"end":{"line":457,"column":24}},"457":{"start":{"line":458,"column":0},"end":{"line":458,"column":25}},"458":{"start":{"line":459,"column":0},"end":{"line":459,"column":6}},"459":{"start":{"line":460,"column":0},"end":{"line":460,"column":51}},"460":{"start":{"line":461,"column":0},"end":{"line":461,"column":38}},"461":{"start":{"line":462,"column":0},"end":{"line":462,"column":41}},"462":{"start":{"line":463,"column":0},"end":{"line":463,"column":42}},"463":{"start":{"line":464,"column":0},"end":{"line":464,"column":6}},"464":{"start":{"line":465,"column":0},"end":{"line":465,"column":21}},"465":{"start":{"line":466,"column":0},"end":{"line":466,"column":23}},"466":{"start":{"line":467,"column":0},"end":{"line":467,"column":0}},"467":{"start":{"line":468,"column":0},"end":{"line":468,"column":17}},"468":{"start":{"line":469,"column":0},"end":{"line":469,"column":0}},"469":{"start":{"line":470,"column":0},"end":{"line":470,"column":73}},"470":{"start":{"line":471,"column":0},"end":{"line":471,"column":0}},"471":{"start":{"line":472,"column":0},"end":{"line":472,"column":13}},"472":{"start":{"line":473,"column":0},"end":{"line":473,"column":21}},"473":{"start":{"line":474,"column":0},"end":{"line":474,"column":6}},"474":{"start":{"line":475,"column":0},"end":{"line":475,"column":0}},"475":{"start":{"line":476,"column":0},"end":{"line":476,"column":16}},"476":{"start":{"line":477,"column":0},"end":{"line":477,"column":22}},"477":{"start":{"line":478,"column":0},"end":{"line":478,"column":4}},"478":{"start":{"line":479,"column":0},"end":{"line":479,"column":31}},"479":{"start":{"line":480,"column":0},"end":{"line":480,"column":0}},"480":{"start":{"line":481,"column":0},"end":{"line":481,"column":20}},"481":{"start":{"line":482,"column":0},"end":{"line":482,"column":0}},"482":{"start":{"line":483,"column":0},"end":{"line":483,"column":31}},"483":{"start":{"line":484,"column":0},"end":{"line":484,"column":2}},"484":{"start":{"line":485,"column":0},"end":{"line":485,"column":0}},"485":{"start":{"line":486,"column":0},"end":{"line":486,"column":15}},"486":{"start":{"line":487,"column":0},"end":{"line":487,"column":57}},"487":{"start":{"line":488,"column":0},"end":{"line":488,"column":2}},"488":{"start":{"line":489,"column":0},"end":{"line":489,"column":0}},"489":{"start":{"line":490,"column":0},"end":{"line":490,"column":23}},"490":{"start":{"line":491,"column":0},"end":{"line":491,"column":21}},"491":{"start":{"line":492,"column":0},"end":{"line":492,"column":61}},"492":{"start":{"line":493,"column":0},"end":{"line":493,"column":0}},"493":{"start":{"line":494,"column":0},"end":{"line":494,"column":56}},"494":{"start":{"line":495,"column":0},"end":{"line":495,"column":50}},"495":{"start":{"line":496,"column":0},"end":{"line":496,"column":0}},"496":{"start":{"line":497,"column":0},"end":{"line":497,"column":110}},"497":{"start":{"line":498,"column":0},"end":{"line":498,"column":0}},"498":{"start":{"line":499,"column":0},"end":{"line":499,"column":66}},"499":{"start":{"line":500,"column":0},"end":{"line":500,"column":44}},"500":{"start":{"line":501,"column":0},"end":{"line":501,"column":2}},"501":{"start":{"line":502,"column":0},"end":{"line":502,"column":0}},"502":{"start":{"line":503,"column":0},"end":{"line":503,"column":26}},"503":{"start":{"line":504,"column":0},"end":{"line":504,"column":17}},"504":{"start":{"line":505,"column":0},"end":{"line":505,"column":23}},"505":{"start":{"line":506,"column":0},"end":{"line":506,"column":17}},"506":{"start":{"line":507,"column":0},"end":{"line":507,"column":20}},"507":{"start":{"line":508,"column":0},"end":{"line":508,"column":11}},"508":{"start":{"line":509,"column":0},"end":{"line":509,"column":20}},"509":{"start":{"line":510,"column":0},"end":{"line":510,"column":22}},"510":{"start":{"line":511,"column":0},"end":{"line":511,"column":6}},"511":{"start":{"line":512,"column":0},"end":{"line":512,"column":66}},"512":{"start":{"line":513,"column":0},"end":{"line":513,"column":2}},"513":{"start":{"line":514,"column":0},"end":{"line":514,"column":20}},"514":{"start":{"line":515,"column":0},"end":{"line":515,"column":42}},"515":{"start":{"line":516,"column":0},"end":{"line":516,"column":52}},"516":{"start":{"line":517,"column":0},"end":{"line":517,"column":24}},"517":{"start":{"line":518,"column":0},"end":{"line":518,"column":38}},"518":{"start":{"line":519,"column":0},"end":{"line":519,"column":31}},"519":{"start":{"line":520,"column":0},"end":{"line":520,"column":20}},"520":{"start":{"line":521,"column":0},"end":{"line":521,"column":2}},"521":{"start":{"line":522,"column":0},"end":{"line":522,"column":31}},"522":{"start":{"line":523,"column":0},"end":{"line":523,"column":24}},"523":{"start":{"line":524,"column":0},"end":{"line":524,"column":22}},"524":{"start":{"line":525,"column":0},"end":{"line":525,"column":35}},"525":{"start":{"line":526,"column":0},"end":{"line":526,"column":48}},"526":{"start":{"line":527,"column":0},"end":{"line":527,"column":19}},"527":{"start":{"line":528,"column":0},"end":{"line":528,"column":0}},"528":{"start":{"line":529,"column":0},"end":{"line":529,"column":23}},"529":{"start":{"line":530,"column":0},"end":{"line":530,"column":2}},"530":{"start":{"line":531,"column":0},"end":{"line":531,"column":33}},"531":{"start":{"line":532,"column":0},"end":{"line":532,"column":32}},"532":{"start":{"line":533,"column":0},"end":{"line":533,"column":55}},"533":{"start":{"line":534,"column":0},"end":{"line":534,"column":16}},"534":{"start":{"line":535,"column":0},"end":{"line":535,"column":19}},"535":{"start":{"line":536,"column":0},"end":{"line":536,"column":4}},"536":{"start":{"line":537,"column":0},"end":{"line":537,"column":23}},"537":{"start":{"line":538,"column":0},"end":{"line":538,"column":2}},"538":{"start":{"line":539,"column":0},"end":{"line":539,"column":23}},"539":{"start":{"line":540,"column":0},"end":{"line":540,"column":25}},"540":{"start":{"line":541,"column":0},"end":{"line":541,"column":21}},"541":{"start":{"line":542,"column":0},"end":{"line":542,"column":17}},"542":{"start":{"line":
[...]
":707,"column":0},"end":{"line":707,"column":0}},"707":{"start":{"line":708,"column":0},"end":{"line":708,"column":47}},"708":{"start":{"line":709,"column":0},"end":{"line":709,"column":47}},"709":{"start":{"line":710,"column":0},"end":{"line":710,"column":0}},"710":{"start":{"line":711,"column":0},"end":{"line":711,"column":14}},"711":{"start":{"line":712,"column":0},"end":{"line":712,"column":33}},"712":{"start":{"line":713,"column":0},"end":{"line":713,"column":29}},"713":{"start":{"line":714,"column":0},"end":{"line":714,"column":34}},"714":{"start":{"line":715,"column":0},"end":{"line":715,"column":24}},"715":{"start":{"line":716,"column":0},"end":{"line":716,"column":0}},"716":{"start":{"line":717,"column":0},"end":{"line":717,"column":21}},"717":{"start":{"line":718,"column":0},"end":{"line":718,"column":2}},"718":{"start":{"line":719,"column":0},"end":{"line":719,"column":0}},"719":{"start":{"line":720,"column":0},"end":{"line":720,"column":88}},"720":{"start":{"line":721,"column":0},"end":{"line":721,"column":0}},"721":{"start":{"line":722,"column":0},"end":{"line":722,"column":40}},"722":{"start":{"line":723,"column":0},"end":{"line":723,"column":28}},"723":{"start":{"line":724,"column":0},"end":{"line":724,"column":18}},"724":{"start":{"line":725,"column":0},"end":{"line":725,"column":23}},"725":{"start":{"line":726,"column":0},"end":{"line":726,"column":25}},"726":{"start":{"line":727,"column":0},"end":{"line":727,"column":2}},"727":{"start":{"line":728,"column":0},"end":{"line":728,"column":0}},"728":{"start":{"line":729,"column":0},"end":{"line":729,"column":28}},"729":{"start":{"line":730,"column":0},"end":{"line":730,"column":19}},"730":{"start":{"line":731,"column":0},"end":{"line":731,"column":32}},"731":{"start":{"line":732,"column":0},"end":{"line":732,"column":5}},"732":{"start":{"line":733,"column":0},"end":{"line":733,"column":21}},"733":{"start":{"line":734,"column":0},"end":{"line":734,"column":24}},"734":{"start":{"line":735,"column":0},"end":{"line":735,"column":23}},"735":{"start":{"line":736,"column":0},"end":{"line":736,"column":32}},"736":{"start":{"line":737,"column":0},"end":{"line":737,"column":5}},"737":{"start":{"line":738,"column":0},"end":{"line":738,"column":17}},"738":{"start":{"line":739,"column":0},"end":{"line":739,"column":16}},"739":{"start":{"line":740,"column":0},"end":{"line":740,"column":17}},"740":{"start":{"line":741,"column":0},"end":{"line":741,"column":5}},"741":{"start":{"line":742,"column":0},"end":{"line":742,"column":17}},"742":{"start":{"line":743,"column":0},"end":{"line":743,"column":28}},"743":{"start":{"line":744,"column":0},"end":{"line":744,"column":2}},"744":{"start":{"line":745,"column":0},"end":{"line":745,"column":26}},"745":{"start":{"line":746,"column":0},"end":{"line":746,"column":18}},"746":{"start":{"line":747,"column":0},"end":{"line":747,"column":15}},"747":{"start":{"line":748,"column":0},"end":{"line":748,"column":2}},"748":{"start":{"line":749,"column":0},"end":{"line":749,"column":0}},"749":{"start":{"line":750,"column":0},"end":{"line":750,"column":104}},"750":{"start":{"line":751,"column":0},"end":{"line":751,"column":76}},"751":{"start":{"line":752,"column":0},"end":{"line":752,"column":3}},"752":{"start":{"line":753,"column":0},"end":{"line":753,"column":12}},"753":{"start":{"line":754,"column":0},"end":{"line":754,"column":52}},"754":{"start":{"line":755,"column":0},"end":{"line":755,"column":93}},"755":{"start":{"line":756,"column":0},"end":{"line":756,"column":1}},"756":{"start":{"line":757,"column":0},"end":{"line":757,"column":0}},"757":{"start":{"line":758,"column":0},"end":{"line":758,"column":19}},"758":{"start":{"line":759,"column":0},"end":{"line":759,"column":17}},"759":{"start":{"line":760,"column":0},"end":{"line":760,"column":90}},"760":{"start":{"line":761,"column":0},"end":{"line":761,"column":108}},"761":{"start":{"line":762,"column":0},"end":{"line":762,"column":78}},"762":{"start":{"line":763,"column":0},"end":{"line":763,"column":78}},"763":{"start":{"line":764,"column":0},"end":{"line":764,"column":104}},"764":{"start":{"line":765,"column":0},"end":{"line":765,"column":103}},"765":{"start":{"line":766,"column":0},"end":{"line":766,"column":95}},"766":{"start":{"line":767,"column":0},"end":{"line":767,"column":97}},"767":{"start":{"line":768,"column":0},"end":{"line":768,"column":105}},"768":{"start":{"line":769,"column":0},"end":{"line":769,"column":103}},"769":{"start":{"line":770,"column":0},"end":{"line":770,"column":98}},"770":{"start":{"line":771,"column":0},"end":{"line":771,"column":49}},"771":{"start":{"line":772,"column":0},"end":{"line":772,"column":6}},"772":{"start":{"line":773,"column":0},"end":{"line":773,"column":98}},"773":{"start":{"line":774,"column":0},"end":{"line":774,"column":92}},"774":{"start":{"line":775,"column":0},"end":{"line":775,"column":47}},"775":{"start":{"line":776,"column":0},"end":{"line":776,"column":70}},"776":{"start":{"line":777,"column":0},"end":{"line":777,"column":104}},"777":{"start":{"line":778,"column":0},"end":{"line":778,"column":42}},"778":{"start":{"line":779,"column":0},"end":{"line":779,"column":6}},"779":{"start":{"line":780,"column":0},"end":{"line":780,"column":114}},"780":{"start":{"line":781,"column":0},"end":{"line":781,"column":32}},"781":{"start":{"line":782,"column":0},"end":{"line":782,"column":7}},"782":{"start":{"line":783,"column":0},"end":{"line":783,"column":83}},"783":{"start":{"line":784,"column":0},"end":{"line":784,"column":81}},"784":{"start":{"line":785,"column":0},"end":{"line":785,"column":65}},"785":{"start":{"line":786,"column":0},"end":{"line":786,"column":117}},"786":{"start":{"line":787,"column":0},"end":{"line":787,"column":89}},"787":{"start":{"line":788,"column":0},"end":{"line":788,"column":2}},"788":{"start":{"line":789,"column":0},"end":{"line":789,"column":0}},"789":{"start":{"line":790,"column":0},"end":{"line":790,"column":20}},"790":{"start":{"line":791,"column":0},"end":{"line":791,"column":118}},"791":{"start":{"line":792,"column":0},"end":{"line":792,"column":2}}},"s":{"0":1,"1":1,"2":1,"3":1,"4":1,"5":1,"6":1,"7":1,"8":1,"9":1,"10":1,"11":1,"12":1,"13":1,"14":1,"15":1,"16":1,"17":1,"18":1,"19":1,"20":1,"21":1,"22":1,"23":1,"24":1,"25":1,"26":1,"27":1,"28":1,"29":1,"30":1,"31":1,"32":1,"33":1,"34":1,"35":1,"36":1,"37":1,"38":1,"39":1,"40":1,"41":1,"42":1,"43":1,"44":1,"45":1,"46":1,"47":1,"48":1,"49":1,"50":1,"51":1,"52":1,"53":1,"54":1,"55":1,"56":1,"57":1,"58":1,"59":1,"60":1,"61":1,"62":1,"63":1,"64":1,"65":1,"66":1,"67":1,"68":1,"69":1,"70":1,"71":1,"72":1,"73":1,"74":1,"75":1,"76":1,"77":1,"78":1,"79":1,"80":1,"81":1,"82":1,"83":1,"84":1,"85":1,"86":1,"87":1,"88":1,"89":1,"90":1,"91":1,"92":1,"93":1,"94":1,"95":1,"96":1,"97":1,"98":1,"99":1,"100":1,"101":1,"102":1,"103":1,"104":1,"105":1,"106":1,"107":1,"108":1,"109":1,"110":1,"111":1,"112":1,"113":1,"114":1,"115":1,"116":1,"117":1,"118":1,"119":1,"120":1,"121":1,"122":1,"123":1,"124":1,"125":1,"126":1,"127":1,"128":1,"129":1,"130":1,"131":1,"132":1,"133":1,"134":1,"135":1,"136":1,"137":1,"138":1,"139":1,"140":1,"141":1,"142":1,"143":1,"144":1,"145":1,"146":1,"147":1,"148":1,"149":1,"150":1,"151":1,"152":1,"153":1,"154":1,"155":1,"156":1,"157":1,"158":1,"159":1,"160":1,"161":1,"162":1,"163":1,"164":1,"165":1,"166":1,"167":1,"168":1,"169":1,"170":1,"171":1,"172":1,"173":1,"174":1,"175":1,"176":1,"177":1,"178":1,"179":1,"180":1,"181":1,"182":1,"183":1,"184":1,"185":1,"186":1,"187":1,"188":1,"189":1,"190":1,"191":1,"192":1,"193":1,"194":1,"195":1,"196":1,"197":1,"198":1,"199":1,"200":1,"201":1,"202":1,"203":1,"204":1,"205":1,"206":1,"207":1,"208":1,"209":1,"210":1,"211":1,"212":1,"213":1,"214":1,"215":1,"216":1,"217":1,"218":1,"219":1,"220":1,"221":1,"222":1,"223":1,"224":1,"225":1,"226":1,"227":1,"228":1,"229":1,"230":1,"231":1,"232":1,"233":1,"234":1,"235":1,"236":1,"237":1,"238":1,"239":1,"240":1,"241":1,"242":1,"243":1,"244":1,"245":1,"246":1,"247":1,"248":1,"249":1,"250":1,"251":1,"252":1,"253":1,"254":1,"255":1,"256":1,"257":1,"258":1,"259":1,"260":1,"261":1,"262":1,"263":1,"264":1,"265":1,"266":1,"267":1,"268":1,"269":1,"270":1,"271":1,"272":1,"273":1,"274":1,"275":1,"276":1,"277":1,"278":1,"279":1,"280":1,"281":1,"282":1,"283":1,"284":1,"285":1,"286":1,"287":1,"288":1,"289":1,"290":1,"291":1,"292":1,"293":1,"294":1,"295":1,"296":1,"297":1,"298":1,"299":1,"300":1,"301":1,"302":1,"303":1,"304":1,"305":1,"306":1,"307":1,"308":1,"309":1,"310":1,"311":1,"312":1,"313":1,"314":1,"315":1,"316":1,"317":1,"318":1,"319":1,"320":1,"321":1,"322":1,"323":1,"324":1,"325":1,"326":1,"327":1,"328":1,"329":1,"330":1,"331":1,"332":1,"333":1,"334":1,"335":1,"336":1,"337":1,"338":1,"339":1,"340":1,"341":1,"342":1,"343":1,"344":1,"345":1,"346":1,"347":1,"348":1,"349":1,"350":1,"351":1,"352":1,"353":1,"354":1,"355":1,"356":1,"357":1,"358":1,"359":1,"360":1,"361":1,"362":1,"363":1,"364":1,"365":1,"366":1,"367":1,"368":1,"369":1,"370":1,"371":1,"372":1,"373":1,"374":1,"375":1,"376":1,"377":1,"378":1,"379":1,"380":1,"381":1,"382":1,"383":1,"384":1,"385":1,"386":1,"387":1,"388":1,"389":1,"390":1,"391":1,"392":1,"393":1,"394":1,"395":1,"396":1,"397":1,"398":1,"399":1,"400":1,"401":1,"402":1,"403":1,"404":1,"405":1,"406":1,"407":1,"408":1,"409":1,"410":1,"411":1,"412":1,"413":1,"414":1,"415":1,"416":1,"417":1,"418":1,"419":1,"420":1,"421":1,"422":1,"423":1,"424":1,"425":1,"426":1,"427":1,"428":1,"429":1,"430":1,"431":1,"432":1,"433":1,"434":1,"435":1,"436":1,"437":1,"438":1,"439":1,"440":1,"441":1,"442":1,"443":1,"444":1,"445":1,"446":1,"447":1,"448":1,"449":1,"450":1,"451":1,"452":1,"453":1,"454":1,"455":1,"456":1,"457":1,"458":1,"459":1,"460":1,"461":1,"462":1,"463":1,"464":1,"465":1,"466":1,"467":1,"468":1,"469":1,"470":1,"471":1,"472":1,"473":1,"474":1,"475":1,"476":1,"477":1,"478":1,"479":1,"480":1,"481":1,"482":1,"483":1,"484":1,"485":1,"486":1,"487":1,"488":1,"489":1,"490":1,"491":1,"492":1,"493":1,"494":1,"495":1,"496":1,"497":1,"498":1,"499":1,"500":1,"501":1,"502":1,"503":1,"504":1,"505":1,"506":1,"507":1,"508":1,"509":1,"510":1,"511":1,"512":1,"513":1,"514":1,"515":1,"516":1,"517":1,"518":1,"519":1,"520":1,"521":1,"522":1,"523":1,"524":1,"525":1,"526":1,"527":1,"528":1,"529":1,"530":1,"531":1,"532":1,"533":1,"534":1,"535":1,"536":1,"537":1,"538":1,"539":1,"540":1,"541":1,"542":1,"543":1,"544":1,"545":1,"546":1,"547":1,"548":1,"549":1,"550":1,"551":1,"552":1,"553":1,"554":1,"555":1,"556":1,"557":1,"558":1,"559":1,"560":1,"561":1,"562":1,"563":1,"564":1,"565":1,"566":1,"567":1,"568":1,"569":1,"570":1,"571":1,"572":1,"573":1,"574":1,"575":1,"576":1,"577":1,"578":1,"579":1,"580":1,"581":1,"582":1,"583":1,"584":1,"585":1,"586":1,"587":1,"588":1,"589":1,"590":1,"591":1,"592":1,"593":1,"594":1,"595":1,"596":1,"597":1,"598":1,"599":1,"600":1,"601":1,"602":1,"603":1,"604":1,"605":1,"606":1,"607":1,"608":1,"609":1,"610":1,"611":1,"612":1,"613":1,"614":1,"615":1,"616":1,"617":1,"618":1,"619":1,"620":1,"621":1,"622":1,"623":1,"624":1,"625":1,"626":1,"627":1,"628":1,"629":1,"630":1,"631":1,"632":1,"633":1,"634":1,"635":1,"636":1,"637":1,"638":1,"639":1,"640":1,"641":1,"642":1,"643":1,"644":1,"645":1,"646":1,"647":1,"648":1,"649":1,"650":1,"651":1,"652":1,"653":1,"654":1,"655":1,"656":1,"657":1,"658":1,"659":1,"660":1,"661":1,"662":1,"663":1,"664":1,"665":1,"666":1,"667":1,"668":1,"669":1,"670":1,"671":1,"672":1,"673":1,"674":1,"675":1,"676":1,"677":1,"678":1,"679":1,"680":1,"681":1,"682":1,"683":1,"684":1,"685":1,"686":1,"687":1,"688":1,"689":1,"690":1,"691":1,"692":1,"693":1,"694":1,"695":1,"696":1,"697":1,"698":1,"699":1,"700":1,"701":1,"702":1,"703":1,"704":1,"705":1,"706":1,"707":1,"708":1,"709":1,"710":1,"711":1,"712":1,"713":1,"714":1,"715":1,"716":1,"717":1,"718":1,"719":1,"720":1,"721":1,"722":1,"723":1,"724":1,"725":1,"726":1,"727":1,"728":1,"729":1,"730":1,"731":1,"732":1,"733":1,"734":1,"735":1,"736":1,"737":1,"738":1,"739":1,"740":1,"741":1,"742":1,"743":1,"744":1,"745":1,"746":1,"747":1,"748":1,"749":443,"750":443,"751":443,"752":443,"753":443,"754":443,"755":443,"756":1,"757":1,"758":1,"759":1,"760":1,"761":1,"762":1,"763":1,"764":1,"765":1,"766":1,"767":1,"768":1,"769":1,"770":1,"771":1,"772":1,"773":1,"774":1,"775":1,"776":1,"777":1,"778":1,"779":1,"780":1,"781":1,"782":1,"783":1,"784":1,"785":1,"786":1,"787":1,"788":1,"789":1,"790":1,"791":1},"branchMap":{"0":{"type":"branch","line":750,"loc":{"start":{"line":750,"column":0},"end":{"line":756,"column":1}},"locations":[{"start":{"line":750,"column":0},"end":{"line":756,"column":1}}]},"1":{"type":"branch","line":754,"loc":{"start":{"line":754,"column":34},"end":{"line":754,"column":38}},"locations":[{"start":{"line":754,"column":34},"end":{"line":754,"column":38}}]},"2":{"type":"branch","line":754,"loc":{"start":{"line":754,"column":34},"end":{"line":754,"column":52}},"locations":[{"start":{"line":754,"column":34},"end":{"line":754,"column":52}}]},"3":{"type":"branch","line":760,"loc":{"start":{"line":760,"column":7},"end":{"line":760,"column":60}},"locations":[{"start":{"line":760,"column":7},"end":{"line":760,"column":60}}]},"4":{"type":"branch","line":761,"loc":{"start":{"line":761,"column":8},"end":{"line":761,"column":72}},"locations":[{"start":{"line":761,"column":8},"end":{"line":761,"column":72}}]},"5":{"type":"branch","line":764,"loc":{"start":{"line":764,"column":8},"end":{"line":764,"column":65}},"locations":[{"start":{"line":764,"column":8},"end":{"line":764,"column":65}}]},"6":{"type":"branch","line":765,"loc":{"start":{"line":765,"column":8},"end":{"line":765,"column":65}},"locations":[{"start":{"line":765,"column":8},"end":{"line":765,"column":65}}]},"7":{"type":"branch","line":766,"loc":{"start":{"line":766,"column":8},"end":{"line":766,"column":65}},"locations":[{"start":{"line":766,"column":8},"end":{"line":766,"column":65}}]},"8":{"type":"branch","line":768,"loc":{"start":{"line":768,"column":16},"end":{"line":768,"column":74}},"locations":[{"start":{"line":768,"column":16},"end":{"line":768,"column":74}}]},"9":{"type":"branch","line":769,"loc":{"start":{"line":769,"column":9},"end":{"line":769,"column":73}},"locations":[{"start":{"line":769,"column":9},"end":{"line":769,"column":73}}]},"10":{"type":"branch","line":770,"loc":{"start":{"line":770,"column":10},"end":{"line":771,"column":10}},"locations":[{"start":{"line":770,"column":10},"end":{"line":771,"column":10}}]},"11":{"type":"branch","line":775,"loc":{"start":{"line":775,"column":8},"end":{"line":775,"column":31}},"locations":[{"start":{"line":775,"column":8},"end":{"line":775,"column":31}}]},"12":{"type":"branch","line":777,"loc":{"start":{"line":777,"column":11},"end":{"line":778,"column":10}},"locations":[{"start":{"line":777,"column":11},"end":{"line":778,"column":10}}]},"13":{"type":"branch","line":780,"loc":{"start":{"line":780,"column":8},"end":{"line":780,"column":9}},"locations":[{"start":{"line":780,"column":8},"end":{"line":780,"column":9}}]},"14":{"type":"branch","line":783,"loc":{"start":{"line":783,"column":8},"end":{"line":783,"column":9}},"locations":[{"start":{"line":783,"column":8},"end":{"line":783,"column":9}}]},"15":{"type":"branch","line":785,"loc":{"start":{"line":785,"column":8},"end":{"line":785,"column":36}},"locations":[{"start":{"line":785,"column":8},"end":{"line":785,"column":36}}]},"16":{"type":"branch","line":787,"loc":{"start":{"line":787,"column":13},"end":{"line":787,"column":61}},"locations":[{"start":{"line":787,"column":13},"end":{"line":787,"column":61}}]}},"b":{"0":[443],"1":[248],"2":[195],"3":[95],"4":[9],"5":[12],"6":[2],"7":[50],"8":[4],"9":[188],"10":[70],"11":[6],"12":[4],"13":[16],"14":[10],"15":[1],"16":[2]},"fnMap":{"0":{"name":"rtkind","decl":{"start":{"line":750,"column":0},"end":{"line":756,"column":1}},"loc":{"start":{"line":750,"column":0},"end":{"line":756,"column":1}},"line":750},"1":{"name":"p","decl":{"start":{"line":760,"column":7},"end":{"line":760,"column":60}},"loc":{"start":{"line":760,"column":7},"end":{"line":760,"column":60}},"line":760},"2":{"name":"hn","decl":{"start":{"line":761,"column":8},"end":{"line":761,"column":72}},"loc":{"start":{"line":761,"column":8},"end":{"line":761,"column":72}},"line":761},"3":{"name":"h1","decl":{"start":{"line":762,"column":8},"end":{"line":762,"column":61}},"loc":{"start":{"line":762,"column":8},"end":{"line":762,"column":61}},"line":762},"4":{"name":"h2","decl":{"start":{"line":763,"column":8},"end":{"line":763,"column":61}},"loc":{"start":{"line":763,"column":8},"end":{"line":763,"column":61}},"line":763},"5":{"name":"ul","decl":{"start":{"line":764,"column":8},"end":{"line":764,"column":65}},"loc":{"start":{"line":764,"column":8},"end":{"line":764,"column":65}},"line":764},"6":{"name":"ol","decl":{"start":{"line":765,"column":8},"end":{"line":765,"column":65}},"loc":{"start":{"line":765,"column":8},"end":{"line":765,"column":65}},"line":765},"7":{"name":"li","decl":{"start":{"line":766,"column":8},"end":{"line":766,"column":65}},"loc":{"start":{"line":766,"column":8},"end":{"line":766,"column":65}},"line":766},"8":{"name":"ili","decl":{"start":{"line":767,"column":9},"end":{"line":767,"column":61}},"loc":{"start":{"line":767,"column":9},"end":{"line":767,"column":61}},"line":767},"9":{"name":"blockquote","decl":{"start":{"line":768,"column":16},"end":{"line":768,"column":74}},"loc":{"start":{"line":768,"column":16},"end":{"line":768,"column":74}},"line":768},"10":{"name":"txt","decl":{"start":{"line":769,"column":9},"end":{"line":769,"column":73}},"loc":{"start":{"line":769,"column":9},"end":{"line":769,"column":73}},"line":769},"11":{"name":"link","decl":{"start":{"line":770,"column":10},"end":{"line":771,"column":10}},"loc":{"start":{"line":770,"column":10},"end":{"line":771,"column":10}},"line":770},"12":{"name":"pre","decl":{"start":{"line":773,"column":9},"end":{"line":773,"column":64}},"loc":{"start":{"line":773,"column":9},"end":{"line":773,"column":64}},"line":773},"13":{"name":"error","decl":{"start":{"line":774,"column":11},"end":{"line":774,"column":62}},"loc":{"start":{"line":774,"column":11},"end":{"line":774,"column":62}},"line":774},"14":{"name":"br","decl":{"start":{"line":775,"column":8},"end":{"line":775,"column":31}},"loc":{"start":{"line":775,"column":8},"end":{"line":775,"column":31}},"line":775},"15":{"name":"flair","decl":{"start":{"line":776,"column":12},"end":{"line":776,"column":46}},"loc":{"start":{"line":776,"column":12},"end":{"line":776,"column":46}},"line":776},"16":{"name":"table","decl":{"start":{"line":777,"column":11},"end":{"line":778,"column":10}},"loc":{"start":{"line":777,"column":11},"end":{"line":778,"column":10}},"line":777},"17":{"name":"th","decl":{"start":{"line":780,"column":8},"end":{"line":780,"column":9}},"loc":{"start":{"line":780,"column":8},"end":{"line":780,"column":9}},"line":780},"18":{"name":"td","decl":{"start":{"line":783,"column":8},"end":{"line":783,"column":9}},"loc":{"start":{"line":783,"column":8},"end":{"line":783,"column":9}},"line":783},"19":{"name":"timeAgo","decl":{"start":{"line":784,"column":14},"end":{"line":784,"column":48}},"loc":{"start":{"line":784,"column":14},"end":{"line":784,"column":48}},"line":784},"20":{"name":"hr","decl":{"start":{"line":785,"column":8},"end":{"line":785,"column":36}},"loc":{"start":{"line":785,"column":8},"end":{"line":785,"column":36}},"line":785},"21":{"name":"code","decl":{"start":{"line":786,"column":11},"end":{"line":786,"column":45}},"loc":{"start":{"line":786,"column":11},"end":{"line":786,"column":45}},"line":786},"22":{"name":"spoiler","decl":{"start":{"line":787,"column":13},"end":{"line":787,"column":61}},"loc":{"start":{"line":787,"column":13},"end":{"line":787,"column":61}},"line":787},"23":{"name":"link","decl":{"start":{"line":791,"column":10},"end":{"line":791,"column":11}},"loc":{"start":{"line":791,"column":10},"end":{"line":791,"column":11}},"line":791}},"f":{"0":443,"1":95,"2":9,"3":0,"4":0,"5":12,"6":2,"7":50,"8":0,"9":4,"10":188,"11":70,"12":0,"13":0,"14":6,"15":0,"16":4,"17":16,"18":10,"19":0,"20":1,"21":0,"22":2,"23":0}}
}
