TN:
SF:src/clients/reddit/html_to_richtext.ts
FN:10,childNodesToRichtextParagraphs
FN:12,commit
FN:37,childListItemsToRichtextListItems
FN:55,contentParagraphToRichtextParagraph
FN:66,eatClass
FN:71,noClasses
FN:160,contentSpansToRichtextSpans
FN:167,contentSpanToRichtextSpan
FN:181,eatClass
FN:186,noClasses
FN:232,setupGenMeta
FN:239,parseContentHTML
FNF:12
FNH:12
FNDA:74,childNodesToRichtextParagraphs
FNDA:128,commit
FNDA:11,childListItemsToRichtextListItems
FNDA:113,contentParagraphToRichtextParagraph
FNDA:2,eatClass
FNDA:52,noClasses
FNDA:66,contentSpansToRichtextSpans
FNDA:219,contentSpanToRichtextSpan
FNDA:1,eatClass
FNDA:83,noClasses
FNDA:27,setupGenMeta
FNDA:27,parseContentHTML
DA:1,1
DA:2,1
DA:3,1
DA:4,1
DA:5,1
DA:6,1
DA:7,1
DA:8,1
DA:9,1
DA:10,74
DA:11,74
DA:12,74
DA:13,128
DA:14,41
DA:15,41
DA:16,128
DA:17,128
DA:18,74
DA:19,74
DA:20,169
DA:21,56
DA:22,6
DA:23,6
DA:24,56
DA:25,56
DA:26,113
DA:27,169
DA:28,54
DA:29,54
DA:30,169
DA:31,59
DA:32,59
DA:33,169
DA:34,74
DA:35,74
DA:36,74
DA:37,11
DA:38,11
DA:39,85
DA:40,42
DA:41,42
DA:42,42
DA:43,85
DA:44,0
DA:45,0
DA:46,43
DA:47,43
DA:48,43
DA:49,43
DA:50,0
DA:51,0
DA:52,0
DA:53,0
DA:54,11
DA:55,113
DA:56,113
DA:57,13
DA:58,13
DA:59,113
DA:60,2
DA:61,2
DA:62,98
DA:63,98
DA:64,4
DA:65,4
DA:66,98
DA:67,2
DA:68,1
DA:69,1
DA:70,1
DA:71,98
DA:72,52
DA:73,52
DA:74,52
DA:75,52
DA:76,52
DA:77,98
DA:78,98
DA:79,25
DA:80,98
DA:81,1
DA:82,73
DA:83,4
DA:84,72
DA:85,0
DA:86,68
DA:87,0
DA:88,68
DA:89,0
DA:90,68
DA:91,3
DA:92,68
DA:93,1
DA:94,65
DA:95,10
DA:96,64
DA:97,1
DA:98,54
DA:99,2
DA:100,2
DA:101,53
DA:102,2
DA:103,2
DA:104,2
DA:105,0
DA:106,0
DA:107,2
DA:108,2
DA:109,2
DA:110,0
DA:111,0
DA:112,2
DA:113,2
DA:114,2
DA:115,2
DA:116,2
DA:117,8
DA:118,8
DA:119,8
DA:120,8
DA:121,8
DA:122,8
DA:123,8
DA:124,8
DA:125,5
DA:126,5
DA:127,5
DA:128,2
DA:129,2
DA:130,2
DA:131,5
DA:132,5
DA:133,5
DA:134,2
DA:135,2
DA:136,51
DA:137,3
DA:138,3
DA:139,0
DA:140,0
DA:141,3
DA:142,3
DA:143,3
DA:144,3
DA:145,3
DA:146,2
DA:147,2
DA:148,3
DA:149,49
DA:150,2
DA:151,2
DA:152,2
DA:153,2
DA:154,2
DA:155,2
DA:156,44
DA:157,44
DA:158,0
DA:159,0
DA:160,66
DA:161,66
DA:162,66
DA:163,66
DA:164,66
DA:165,66
DA:166,66
DA:167,219
DA:168,219
DA:169,134
DA:170,0
DA:171,0
DA:172,0
DA:173,0
DA:174,219
DA:175,2
DA:176,2
DA:177,83
DA:178,83
DA:179,1
DA:180,1
DA:181,83
DA:182,1
DA:183,1
DA:184,1
DA:185,1
DA:186,83
DA:187,83
DA:188,83
DA:189,83
DA:190,83
DA:191,83
DA:192,58
DA:193,0
DA:194,58
DA:195,35
DA:196,35
DA:197,58
DA:198,58
DA:199,58
DA:200,58
DA:201,58
DA:202,58
DA:203,58
DA:204,83
DA:205,4
DA:206,25
DA:207,2
DA:208,21
DA:209,6
DA:210,19
DA:211,6
DA:212,13
DA:213,6
DA:214,7
DA:215,0
DA:216,1
DA:217,1
DA:218,1
DA:219,1
DA:220,1
DA:221,1
DA:222,1
DA:223,1
DA:224,0
DA:225,0
DA:226,0
DA:227,0
DA:228,0
DA:229,0
DA:230,0
DA:231,1
DA:232,27
DA:233,27
DA:234,27
DA:235,27
DA:236,27
DA:237,27
DA:238,1
DA:239,1
DA:240,27
DA:241,27
LF:241
LH:211
BRDA:10,0,0,74
BRDA:19,1,0,169
BRDA:20,2,0,69
BRDA:20,3,0,0
BRDA:20,4,0,56
BRDA:21,5,0,6
BRDA:26,6,0,113
BRDA:27,7,0,54
BRDA:30,8,0,59
BRDA:12,9,0,128
BRDA:13,10,0,41
BRDA:37,11,0,11
BRDA:38,12,0,85
BRDA:39,13,0,42
BRDA:40,14,0,0
BRDA:43,15,0,43
BRDA:43,16,0,0
BRDA:46,17,0,43
BRDA:50,18,0,0
BRDA:52,19,0,0
BRDA:55,20,0,113
BRDA:56,21,0,13
BRDA:59,22,0,100
BRDA:59,23,0,2
BRDA:62,24,0,98
BRDA:78,25,0,25
BRDA:80,26,0,73
BRDA:80,27,0,1
BRDA:82,28,0,72
BRDA:82,29,0,4
BRDA:84,30,0,68
BRDA:84,31,0,0
BRDA:86,32,0,0
BRDA:88,33,0,0
BRDA:90,34,0,3
BRDA:92,35,0,65
BRDA:92,36,0,1
BRDA:94,37,0,64
BRDA:94,38,0,10
BRDA:96,39,0,54
BRDA:96,40,0,1
BRDA:98,41,0,53
BRDA:98,42,0,2
BRDA:101,43,0,51
BRDA:101,44,0,2
BRDA:104,45,0,0
BRDA:109,46,0,0
BRDA:113,47,0,0
BRDA:136,48,0,49
BRDA:136,49,0,3
BRDA:138,50,0,0
BRDA:145,51,0,2
BRDA:145,52,0,2
BRDA:148,53,0,0
BRDA:149,54,0,46
BRDA:149,55,0,2
BRDA:156,56,0,44
BRDA:158,57,0,0
BRDA:63,58,0,4
BRDA:66,59,0,2
BRDA:67,60,0,1
BRDA:68,61,0,1
BRDA:71,62,0,52
BRDA:72,63,0,0
BRDA:116,64,0,8
BRDA:117,65,0,0
BRDA:124,66,0,5
BRDA:128,67,0,2
BRDA:129,68,0,0
BRDA:130,69,0,5
BRDA:131,70,0,0
BRDA:160,71,0,66
BRDA:165,72,0,94
BRDA:167,73,0,219
BRDA:168,74,0,134
BRDA:169,75,0,0
BRDA:174,76,0,85
BRDA:174,77,0,2
BRDA:177,78,0,83
BRDA:191,79,0,58
BRDA:192,80,0,0
BRDA:194,81,0,35
BRDA:204,82,0,25
BRDA:204,83,0,4
BRDA:206,84,0,21
BRDA:206,85,0,2
BRDA:208,86,0,19
BRDA:208,87,0,6
BRDA:210,88,0,13
BRDA:210,89,0,6
BRDA:212,90,0,7
BRDA:212,91,0,6
BRDA:214,92,0,1
BRDA:214,93,0,0
BRDA:224,94,0,0
BRDA:227,95,0,0
BRDA:229,96,0,0
BRDA:178,97,0,1
BRDA:181,98,0,1
BRDA:182,99,0,0
BRDA:183,100,0,1
BRDA:186,101,0,83
BRDA:187,102,0,0
BRDA:202,103,0,59
BRDA:217,104,0,1
BRDA:232,105,0,27
BRDA:239,106,0,27
BRF:107
BRH:81
end_of_record
TN:
SF:src/types/generic.ts
FN:750,rtkind
FN:760,p
FN:761,hn
FN:762,h1
FN:763,h2
FN:764,ul
FN:765,ol
FN:766,li
FN:767,ili
FN:768,blockquote
FN:769,txt
FN:770,link
FN:773,pre
FN:774,error
FN:775,br
FN:776,flair
FN:777,table
FN:780,th
FN:783,td
FN:784,timeAgo
FN:785,hr
FN:786,code
FN:787,spoiler
FN:791,link
FNF:24
FNH:15
FNDA:443,rtkind
FNDA:95,p
FNDA:9,hn
FNDA:0,h1
FNDA:0,h2
FNDA:12,ul
FNDA:2,ol
FNDA:50,li
FNDA:0,ili
FNDA:4,blockquote
FNDA:188,txt
FNDA:70,link
FNDA:0,pre
FNDA:0,error
FNDA:6,br
FNDA:0,flair
FNDA:4,table
FNDA:16,th
FNDA:10,td
FNDA:0,timeAgo
FNDA:1,hr
FNDA:0,code
FNDA:2,spoiler
FNDA:0,link
DA:1,1
DA:2,1
DA:3,1
DA:4,1
DA:5,1
DA:6,1
DA:7,1
DA:8,1
DA:9,1
DA:10,1
DA:11,1
DA:12,1
DA:13,1
DA:14,1
DA:15,1
DA:16,1
DA:17,1
DA:18,1
DA:19,1
DA:20,1
DA:21,1
DA:22,1
DA:23,1
DA:24,1
DA:25,1
DA:26,1
DA:27,1
DA:28,1
DA:29,1
DA:30,1
DA:31,1
DA:32,1
DA:33,1
DA:34,1
DA:35,1
DA:36,1
DA:37,1
DA:38,1
DA:39,1
DA:40,1
DA:41,1
DA:42,1
DA:43,1
DA:44,1
DA:45,1
DA:46,1
DA:47,1
DA:48,1
DA:49,1
DA:50,1
DA:51,1
DA:52,1
DA:53,1
DA:54,1
DA:55,1
DA:56,1
DA:57,1
DA:58,1
DA:59,1
DA:60,1
DA:61,1
DA:62,1
DA:63,1
DA:64,1
DA:65,1
DA:66,1
DA:67,1
DA:68,1
DA:69,1
DA:70,1
DA:71,1
DA:72,1
DA:73,1
DA:74,1
DA:75,1
DA:76,1
DA:77,1
DA:78,1
DA:79,1
DA:80,1
DA:81,1
DA:82,1
DA:83,1
DA:84,1
DA:85,1
DA:86,1
DA:87,1
DA:88,1
DA:89,1
DA:90,1
DA:91,1
DA:92,1
DA:93,1
DA:94,1
DA:95,1
DA:96,1
DA:97,1
DA:98,1
DA:99,1
DA:100,1
DA:101,1
DA:102,1
DA:103,1
DA:104,1
DA:105,1
DA:106,1
DA:107,1
DA:108,1
DA:109,1
DA:110,1
DA:111,1
DA:112,1
DA:113,1
DA:114,1
DA:115,1
DA:116,1
DA:117,1
DA:118,1
DA:119,1
DA:120,1
DA:121,1
DA:122,1
DA:123,1
DA:124,1
DA:125,1
DA:126,1
DA:127,1
DA:128,1
DA:129,1
DA:130,1
DA:131,1
DA:132,1
DA:133,1
DA:134,1
DA:135,1
DA:136,1
DA:137,1
DA:138,1
DA:139,1
DA:140,1
DA:141,1
DA:142,1
DA:143,1
DA:144,1
DA:145,1
DA:146,1
DA:147,1
DA:148,1
DA:149,1
DA:150,1
DA:151,1
DA:152,1
DA:153,1
DA:154,1
DA:155,1
DA:156,1
DA:157,1
DA:158,1
DA:159,1
DA:160,1
DA:161,1
DA:162,1
DA:163,1
DA:164,1
DA:165,1
DA:166,1
DA:167,1
DA:168,1
DA:169,1
DA:170,1
DA:171,1
DA:172,1
DA:173,1
DA:174,1
DA:175,1
DA:176,1
DA:177,1
DA:178,1
DA:179,1
DA:180,1
DA:181,1
DA:182,1
DA:183,1
DA:184,1
DA:185,1
DA:186,1
DA:187,1
DA:188,1
DA:189,1
DA:190,1
DA:191,1
DA:192,1
DA:193,1
DA:194,1
DA:195,1
DA:196,1
DA:197,1
DA:198,1
DA:199,1
DA:200,1
DA:201,1
DA:202,1
DA:203,1
DA:204,1
DA:205,1
DA:206,1
DA:207,1
DA:208,1
DA:209,1
DA:210,1
DA:211,1
DA:212,1
DA:213,1
DA:214,1
DA:215,1
DA:216,1
DA:217,1
DA:218,1
DA:219,1
DA:220,1
DA:221,1
DA:222,1
DA:223,1
DA:224,1
DA:225,1
DA:226,1
DA:227,1
DA:228,1
DA:229,1
DA:230,1
DA:231,1
DA:232,1
DA:233,1
DA:234,1
DA:235,1
DA:236,1
DA:237,1
DA:238,1
DA:239,1
DA:240,1
DA:241,1
DA:242,1
DA:243,1
DA:244,1
DA:245,1
DA:246,1
DA:247,1
DA:248,1
DA:249,1
DA:250,1
DA:251,1
DA:252,1
DA:253,1
DA:254,1
DA:255,1
DA:256,1
DA:257,1
DA:258,1
DA:259,1
DA:260,1
DA:261,1
DA:262,1
DA:263,1
DA:264,1
DA:265,1
DA:266,1
DA:267,1
DA:268,1
DA:269,1
DA:270,1
DA:271,1
DA:272,1
DA:273,1
DA:274,1
DA:275,1
DA:276,1
DA:277,1
DA:278,1
DA:279,1
DA:280,1
DA:281,1
DA:282,1
DA:283,1
DA:284,1
DA:285,1
DA:286,1
DA:287,1
DA:288,1
DA:289,1
DA:290,1
DA:291,1
DA:292,1
DA:293,1
DA:294,1
DA:295,1
DA:296,1
DA:297,1
DA:298,1
DA:299,1
DA:300,1
DA:301,1
DA:302,1
DA:303,1
DA:304,1
DA:305,1
DA:306,1
DA:307,1
DA:308,1
DA:309,1
DA:310,1
DA:311,1
DA:312,1
DA:313,1
DA:314,1
DA:315,1
DA:316,1
DA:317,1
DA:318,1
DA:319,1
DA:320,1
DA:321,1
DA:322,1
DA:323,1
DA:324,1
DA:325,1
DA:326,1
DA:327,1
DA:328,1
DA:329,1
DA:330,1
DA:331,1
DA:332,1
DA:333,1
DA:334,1
DA:335,1
DA:336,1
DA:337,1
DA:338,1
DA:339,1
DA:340,1
DA:341,1
DA:342,1
DA:343,1
DA:344,1
DA:345,1
DA:346,1
DA:347,1
DA:348,1
DA:349,1
DA:350,1
DA:351,1
DA:352,1
DA:353,1
DA:354,1
DA:355,1
DA:356,1
DA:357,1
DA:358,1
DA:359,1
DA:360,1
DA:361,1
DA:362,1
DA:363,1
DA:364,1
DA:365,1
DA:366,1
DA:367,1
DA:368,1
DA:369,1
DA:370,1
DA:371,1
DA:372,1
DA:373,1
DA:374,1
DA:375,1
DA:376,1
DA:377,1
DA:378,1
DA:379,1
DA:380,1
DA:381,1
DA:382,1
DA:383,1
DA:384,1
DA:385,1
DA:386,1
DA:387,1
DA:388,1
DA:389,1
DA:390,1
DA:391,1
DA:392,1
DA:393,1
DA:394,1
DA:395,1
DA:396,1
DA:397,1
DA:398,1
DA:399,1
DA:400,1
DA:401,1
DA:402,1
DA:403,1
DA:404,1
DA:405,1
DA:406,1
DA:407,1
DA:408,1
DA:409,1
DA:410,1
DA:411,1
DA:412,1
DA:413,1
DA:414,1
DA:415,1
DA:416,1
DA:417,1
DA:418,1
DA:419,1
DA:420,1
DA:421,1
DA:422,1
DA:423,1
DA:424,1
DA:425,1
DA:426,1
DA:427,1
DA:428,1
DA:429,1
DA:430,1
DA:431,1
DA:432,1
DA:433,1
DA:434,1
DA:435,1
DA:436,1
DA:437,1
DA:438,1
DA:439,1
DA:440,1
DA:441,1
DA:442,1
DA:443,1
DA:444,1
DA:445,1
DA:446,1
DA:447,1
DA:448,1
DA:449,1
DA:450,1
DA:451,1
DA:452,1
DA:453,1
DA:454,1
DA:455,1
DA:456,1
DA:457,1
DA:458,1
DA:459,1
DA:460,1
DA:461,1
DA:462,1
DA:463,1
DA:464,1
DA:465,1
DA:466,1
DA:467,1
DA:468,1
DA:469,1
DA:470,1
DA:471,1
DA:472,1
DA:473,1
DA:474,1
DA:475,1
DA:476,1
DA:477,1
DA:478,1
DA:479,1
DA:480,1
DA:481,1
DA:482,1
DA:483,1
DA:484,1
DA:485,1
DA:486,1
DA:487,1
DA:488,1
DA:489,1
DA:490,1
DA:491,1
DA:492,1
DA:493,1
DA:494,1
DA:495,1
DA:496,1
DA:497,1
DA:498,1
DA:499,1
DA:500,1
DA:501,1
DA:502,1
DA:503,1
DA:504,1
DA:505,1
DA:506,1
DA:507,1
DA:508,1
DA:509,1
DA:510,1
DA:511,1
DA:512,1
DA:513,1
DA:514,1
DA:515,1
DA:516,1
DA:517,1
DA:518,1
DA:519,1
DA:520,1
DA:521,1
DA:522,1
DA:523,1
DA:524,1
DA:525,1
DA:526,1
DA:527,1
DA:528,1
DA:529,1
DA:530,1
DA:531,1
DA:532,1
DA:533,1
DA:534,1
DA:535,1
DA:536,1
DA:537,1
DA:538,1
DA:539,1
DA:540,1
DA:541,1
DA:542,1
DA:543,1
DA:544,1
DA:545,1
DA:546,1
DA:547,1
DA:548,1
DA:549,1
DA:550,1
DA:551,1
DA:552,1
DA:553,1
DA:554,1
DA:555,1
DA:556,1
DA:557,1
DA:558,1
DA:559,1
DA:560,1
DA:561,1
DA:562,1
DA:563,1
DA:564,1
DA:565,1
DA:566,1
DA:567,1
DA:568,1
DA:569,1
DA:570,1
DA:571,1
DA:572,1
DA:573,1
DA:574,1
DA:575,1
DA:576,1
DA:577,1
DA:578,1
DA:579,1
DA:580,1
DA:581,1
DA:582,1
DA:583,1
DA:584,1
DA:585,1
DA:586,1
DA:587,1
DA:588,1
DA:589,1
DA:590,1
DA:591,1
DA:592,1
DA:593,1
DA:594,1
DA:595,1
DA:596,1
DA:597,1
DA:598,1
DA:599,1
DA:600,1
DA:601,1
DA:602,1
DA:603,1
DA:604,1
DA:605,1
DA:606,1
DA:607,1
DA:608,1
DA:609,1
DA:610,1
DA:611,1
DA:612,1
DA:613,1
DA:614,1
DA:615,1
DA:616,1
DA:617,1
DA:618,1
DA:619,1
DA:620,1
DA:621,1
DA:622,1
DA:623,1
DA:624,1
DA:625,1
DA:626,1
DA:627,1
DA:628,1
DA:629,1
DA:630,1
DA:631,1
DA:632,1
DA:633,1
DA:634,1
DA:635,1
DA:636,1
DA:637,1
DA:638,1
DA:639,1
DA:640,1
DA:641,1
DA:642,1
DA:643,1
DA:644,1
DA:645,1
DA:646,1
DA:647,1
DA:648,1
DA:649,1
DA:650,1
DA:651,1
DA:652,1
DA:653,1
DA:654,1
DA:655,1
DA:656,1
DA:657,1
DA:658,1
DA:659,1
DA:660,1
DA:661,1
DA:662,1
DA:663,1
DA:664,1
DA:665,1
DA:666,1
DA:667,1
DA:668,1
DA:669,1
DA:670,1
DA:671,1
DA:672,1
DA:673,1
DA:674,1
DA:675,1
DA:676,1
DA:677,1
DA:678,1
DA:679,1
DA:680,1
DA:681,1
DA:682,1
DA:683,1
DA:684,1
DA:685,1
DA:686,1
DA:687,1
DA:688,1
DA:689,1
DA:690,1
DA:691,1
DA:692,1
DA:693,1
DA:694,1
DA:695,1
DA:696,1
DA:697,1
DA:698,1
DA:699,1
DA:700,1
DA:701,1
DA:702,1
DA:703,1
DA:704,1
DA:705,1
DA:706,1
DA:707,1
DA:708,1
DA:709,1
DA:710,1
DA:711,1
DA:712,1
DA:713,1
DA:714,1
DA:715,1
DA:716,1
DA:717,1
DA:718,1
DA:719,1
DA:720,1
DA:721,1
DA:722,1
DA:723,1
DA:724,1
DA:725,1
DA:726,1
DA:727,1
DA:728,1
DA:729,1
DA:730,1
DA:731,1
DA:732,1
DA:733,1
DA:734,1
DA:735,1
DA:736,1
DA:737,1
DA:738,1
DA:739,1
DA:740,1
DA:741,1
DA:742,1
DA:743,1
DA:744,1
DA:745,1
DA:746,1
DA:747,1
DA:748,1
DA:749,1
DA:750,443
DA:751,443
DA:752,443
DA:753,443
DA:754,443
DA:755,443
DA:756,443
DA:757,1
DA:758,1
DA:759,1
DA:760,1
DA:761,1
DA:762,1
DA:763,1
DA:764,1
DA:765,1
DA:766,1
DA:767,1
DA:768,1
DA:769,1
DA:770,1
DA:771,1
DA:772,1
DA:773,1
DA:774,1
DA:775,1
DA:776,1
DA:777,1
DA:778,1
DA:779,1
DA:780,1
DA:781,1
DA:782,1
DA:783,1
DA:784,1
DA:785,1
DA:786,1
DA:787,1
DA:788,1
DA:789,1
DA:790,1
DA:791,1
DA:792,1
LF:792
LH:792
BRDA:750,0,0,443
BRDA:754,1,0,248
BRDA:754,2,0,195
BRDA:760,3,0,95
BRDA:761,4,0,9
BRDA:764,5,0,12
BRDA:765,6,0,2
BRDA:766,7,0,50
BRDA:768,8,0,4
BRDA:769,9,0,188
BRDA:770,10,0,70
BRDA:775,11,0,6
BRDA:777,12,0,4
BRDA:780,13,0,16
BRDA:783,14,0,10
BRDA:785,15,0,1
BRDA:787,16,0,2
BRF:17
BRH:17
end_of_record
